Terminals which are not used

   BT_CERO
   BT_DOSCIENTOSCINCUENTAYCINCO
   BT_OPREL


Grammar

    0 $accept: descAlgoritmo $end

    1 descAlgoritmo: BT_ALGORITMO BT_IDENTIFICADOR BT_COMPOSICIONSECUENCIAL cabeceraAlgoritmo bloqueAlgoritmo BT_FALGORITMO

    2 cabeceraAlgoritmo: defGlobales defAccionesFunciones defVariablesInteraccion BT_COMENTARIO

    3 bloqueAlgoritmo: bloque BT_COMENTARIO

    4 defGlobales: definicionTipo defGlobales
    5            | definicionConst defGlobales
    6            | /* empty */

    7 defAccionesFunciones: defAccion defAccionesFunciones
    8                     | defFuncion defAccionesFunciones
    9                     | /* empty */

   10 bloque: declaraciones instrucciones

   11 declaraciones: definicionTipo declaraciones
   12              | definicionConst declaraciones
   13              | definicionVar declaraciones
   14              | /* empty */

   15 definicionTipo: BT_TIPO listaDefsTipo BT_FTIPO

   16 definicionConst: BT_CONST listaDefsConstantes BT_FCONST

   17 definicionVar: BT_VAR listaDefsVariables BT_FVAR

   18 listaDefsTipo: BT_IDENTIFICADOR BT_CREACIONTIPO defTipo BT_COMPOSICIONSECUENCIAL listaDefsTipo
   19              | /* empty */

   20 defTipo: BT_TUPLA listaCampos BT_FTUPLA
   21        | BT_TABLA BT_INICIOARRAY expresionT BT_SUBRANGO expresionT BT_FINARRAY BT_DE defTipo
   22        | BT_IDENTIFICADOR
   23        | expresionT BT_SUBRANGO expresionT
   24        | BT_REF defTipo
   25        | BT_TIPOBASE

   26 expresionT: BT_LITERALENTERO
   27           | BT_LITERALCARACTER

   28 listaCampos: BT_IDENTIFICADOR BT_ASIGNACION defTipo BT_COMPOSICIONSECUENCIAL listaCampos
   29            | /* empty */

   30 listaDefsConstantes: BT_IDENTIFICADOR BT_ASIGNACION BT_LITERAL BT_COMPOSICIONSECUENCIAL listaDefsConstantes
   31                    | /* empty */

   32 listaDefsVariables: listaId listaDefsVariables
   33                   | /* empty */

   34 listaId: BT_IDENTIFICADOR BT_DEFINICIONTIPOVARIABLE defTipo BT_COMPOSICIONSECUENCIAL
   35        | BT_IDENTIFICADOR BT_SEPARADOR listaId

   36 defVariablesInteraccion: defEntrada
   37                        | defEntrada defSalida
   38                        | defSalida

   39 defEntrada: BT_ENT listaDefsVariables

   40 defSalida: BT_SAL listaDefsVariables

   41 expresion: llamadaFuncion
   42          | operando
   43          | expresion BT_SUMA expresion
   44          | expresion BT_RESTA expresion
   45          | expresion BT_MULTIPLICACION expresion
   46          | expresion BT_DIVREAL expresion
   47          | expresion BT_DIV expresion
   48          | expresion BT_MOD expresion
   49          | BT_INICIOPARENTESIS expresion BT_FINPARENTESIS
   50          | BT_RESTA expresion
   51          | BT_LITERALNUMERICO
   52          | BT_LITERALREAL
   53          | BT_LITERALENTERO
   54          | BT_SUMA expresion
   55          | expresion BT_Y M expresion
   56          | expresion BT_O M expresion
   57          | BT_NO expresion
   58          | BT_LITERALBOOLEANO
   59          | expresion BT_MAYOR expresion
   60          | expresion BT_MENOR expresion
   61          | expresion BT_IGUAL expresion
   62          | expresion BT_DISTINTO expresion
   63          | expresion BT_MAYORIGUAL expresion
   64          | expresion BT_MENORIGUAL expresion

   65 M: /* empty */

   66 N: /* empty */

   67 operando: BT_IDENTIFICADOR
   68         | operando BT_PUNTO operando
   69         | operando BT_INICIOARRAY expresion BT_FINARRAY
   70         | operando BT_REF

   71 instrucciones: instruccion BT_COMPOSICIONSECUENCIAL M instrucciones
   72              | instruccion

   73 instruccion: BT_CONTINUAR
   74            | asignacion
   75            | alternativa
   76            | iteracion
   77            | llamadaAccion

   78 asignacion: operando BT_ASIGNACION expresion

   79 alternativa: BT_SI expresion BT_ENTONCES M instrucciones N M listaOpciones BT_FSI

   80 listaOpciones: BT_SINOSI expresion BT_ENTONCES M instrucciones N M listaOpciones
   81              | /* empty */

   82 iteracion: itCotaFija
   83          | itCotaVariable

   84 itCotaVariable: BT_MIENTRAS expresion BT_HACER instrucciones BT_FMIENTRAS

   85 itCotaFija: BT_PARA BT_IDENTIFICADOR BT_ASIGNACION expresion BT_HASTA expresion BT_HACER instrucciones BT_FPARA

   86 defAccion: BT_ACCION cabeceraAccion bloque BT_FACCION

   87 defFuncion: BT_FUNCION cabeceraFuncion bloque BT_DEV expresion BT_FFUNCION

   88 cabeceraAccion: BT_IDENTIFICADOR BT_INICIOPARENTESIS defParForm BT_FINPARENTESIS BT_COMPOSICIONSECUENCIAL

   89 cabeceraFuncion: BT_IDENTIFICADOR BT_INICIOPARENTESIS listaDefsVariables BT_FINPARENTESIS BT_DEV defTipo

   90 defParForm: dParForm BT_COMPOSICIONSECUENCIAL defParForm
   91           | dParForm
   92           | /* empty */

   93 dParForm: BT_ENT listaId BT_DEFINICIONTIPOVARIABLE defTipo
   94         | BT_SAL listaId BT_DEFINICIONTIPOVARIABLE defTipo
   95         | BT_ENTSAL listaId BT_DEFINICIONTIPOVARIABLE defTipo

   96 llamadaAccion: BT_IDENTIFICADOR BT_INICIOPARENTESIS parametrosReales BT_FINPARENTESIS

   97 llamadaFuncion: BT_IDENTIFICADOR BT_INICIOPARENTESIS parametrosReales BT_FINPARENTESIS

   98 parametrosReales: expresion BT_SEPARADOR parametrosReales
   99                 | expresion
  100                 | /* empty */


Terminals, with rules where they appear

$end (0) 0
error (256)
BT_ALGORITMO (258) 1
BT_FALGORITMO (259) 1
BT_IDENTIFICADOR (260) 1 18 22 28 30 34 35 67 85 88 89 96 97
BT_COMENTARIO (261) 2 3
BT_TIPO (262) 15
BT_FTIPO (263) 15
BT_CONST (264) 16
BT_FCONST (265) 16
BT_VAR (266) 17
BT_FVAR (267) 17
BT_TUPLA (268) 20
BT_FTUPLA (269) 20
BT_TABLA (270) 21
BT_DE (271) 21
BT_DEV (272) 87 89
BT_REF (273) 24 70
BT_TIPOBASE (274) 25
BT_LITERALCARACTER (275) 27
BT_LITERALBOOLEANO (276) 58
BT_LITERAL (277) 30
BT_ENT (278) 39 93
BT_SAL (279) 40 94
BT_ENTSAL (280) 95
BT_LITERALNUMERICO (281) 51
BT_LITERALENTERO (282) 26 53
BT_LITERALREAL (283) 52
BT_Y (284) 55
BT_O (285) 56
BT_NO (286) 57
BT_CONTINUAR (287) 73
BT_SI (288) 79
BT_FSI (289) 79
BT_MIENTRAS (290) 84
BT_FMIENTRAS (291) 84
BT_HACER (292) 84 85
BT_PARA (293) 85
BT_FPARA (294) 85
BT_HASTA (295) 85
BT_ACCION (296) 86
BT_FACCION (297) 86
BT_FUNCION (298) 87
BT_FFUNCION (299) 87
BT_CERO (300)
BT_DOSCIENTOSCINCUENTAYCINCO (301)
BT_PUNTO (302) 68
BT_SUMA (303) 43 54
BT_RESTA (304) 44 50
BT_DIV (305) 47
BT_MOD (306) 48
BT_DIVREAL (307) 46
BT_MULTIPLICACION (308) 45
BT_INICIOPARENTESIS (309) 49 88 89 96 97
BT_FINPARENTESIS (310) 49 88 89 96 97
BT_ASIGNACION (311) 28 30 78 85
BT_COMPOSICIONSECUENCIAL (312) 1 18 28 30 34 71 88 90
BT_DEFINICIONTIPOVARIABLE (313) 34 93 94 95
BT_ENTONCES (314) 79 80
BT_INICIOARRAY (315) 21 69
BT_FINARRAY (316) 21 69
BT_CREACIONTIPO (317) 18
BT_SEPARADOR (318) 35 98
BT_SUBRANGO (319) 21 23
BT_MAYOR (320) 59
BT_MENOR (321) 60
BT_IGUAL (322) 61
BT_DISTINTO (323) 62
BT_MAYORIGUAL (324) 63
BT_MENORIGUAL (325) 64
BT_OPREL (326)
BT_SINOSI (327) 80


Nonterminals, with rules where they appear

$accept (73)
    on left: 0
descAlgoritmo (74)
    on left: 1, on right: 0
cabeceraAlgoritmo (75)
    on left: 2, on right: 1
bloqueAlgoritmo (76)
    on left: 3, on right: 1
defGlobales (77)
    on left: 4 5 6, on right: 2 4 5
defAccionesFunciones (78)
    on left: 7 8 9, on right: 2 7 8
bloque (79)
    on left: 10, on right: 3 86 87
declaraciones (80)
    on left: 11 12 13 14, on right: 10 11 12 13
definicionTipo (81)
    on left: 15, on right: 4 11
definicionConst (82)
    on left: 16, on right: 5 12
definicionVar (83)
    on left: 17, on right: 13
listaDefsTipo (84)
    on left: 18 19, on right: 15 18
defTipo (85)
    on left: 20 21 22 23 24 25, on right: 18 21 24 28 34 89 93 94 95
expresionT (86)
    on left: 26 27, on right: 21 23
listaCampos (87)
    on left: 28 29, on right: 20 28
listaDefsConstantes (88)
    on left: 30 31, on right: 16 30
listaDefsVariables (89)
    on left: 32 33, on right: 17 32 39 40 89
listaId (90)
    on left: 34 35, on right: 32 35 93 94 95
defVariablesInteraccion (91)
    on left: 36 37 38, on right: 2
defEntrada (92)
    on left: 39, on right: 36 37
defSalida (93)
    on left: 40, on right: 37 38
expresion (94)
    on left: 41 42 43 44 45 46 47 48 49 50 51 52 53 54 55 56 57 58
    59 60 61 62 63 64, on right: 43 44 45 46 47 48 49 50 54 55 56 57
    59 60 61 62 63 64 69 78 79 80 84 85 87 98 99
M (95)
    on left: 65, on right: 55 56 71 79 80
N (96)
    on left: 66, on right: 79 80
operando (97)
    on left: 67 68 69 70, on right: 42 68 69 70 78
instrucciones (98)
    on left: 71 72, on right: 10 71 79 80 84 85
instruccion (99)
    on left: 73 74 75 76 77, on right: 71 72
asignacion (100)
    on left: 78, on right: 74
alternativa (101)
    on left: 79, on right: 75
listaOpciones (102)
    on left: 80 81, on right: 79 80
iteracion (103)
    on left: 82 83, on right: 76
itCotaVariable (104)
    on left: 84, on right: 83
itCotaFija (105)
    on left: 85, on right: 82
defAccion (106)
    on left: 86, on right: 7
defFuncion (107)
    on left: 87, on right: 8
cabeceraAccion (108)
    on left: 88, on right: 86
cabeceraFuncion (109)
    on left: 89, on right: 87
defParForm (110)
    on left: 90 91 92, on right: 88 90
dParForm (111)
    on left: 93 94 95, on right: 90 91
llamadaAccion (112)
    on left: 96, on right: 77
llamadaFuncion (113)
    on left: 97, on right: 41
parametrosReales (114)
    on left: 98 99 100, on right: 96 97 98


state 0

    0 $accept: . descAlgoritmo $end

    BT_ALGORITMO  shift, and go to state 1

    descAlgoritmo  go to state 2


state 1

    1 descAlgoritmo: BT_ALGORITMO . BT_IDENTIFICADOR BT_COMPOSICIONSECUENCIAL cabeceraAlgoritmo bloqueAlgoritmo BT_FALGORITMO

    BT_IDENTIFICADOR  shift, and go to state 3


state 2

    0 $accept: descAlgoritmo . $end

    $end  shift, and go to state 4


state 3

    1 descAlgoritmo: BT_ALGORITMO BT_IDENTIFICADOR . BT_COMPOSICIONSECUENCIAL cabeceraAlgoritmo bloqueAlgoritmo BT_FALGORITMO

    BT_COMPOSICIONSECUENCIAL  shift, and go to state 5


state 4

    0 $accept: descAlgoritmo $end .

    $default  accept


state 5

    1 descAlgoritmo: BT_ALGORITMO BT_IDENTIFICADOR BT_COMPOSICIONSECUENCIAL . cabeceraAlgoritmo bloqueAlgoritmo BT_FALGORITMO

    BT_TIPO   shift, and go to state 6
    BT_CONST  shift, and go to state 7

    $default  reduce using rule 6 (defGlobales)

    cabeceraAlgoritmo  go to state 8
    defGlobales        go to state 9
    definicionTipo     go to state 10
    definicionConst    go to state 11


state 6

   15 definicionTipo: BT_TIPO . listaDefsTipo BT_FTIPO

    BT_IDENTIFICADOR  shift, and go to state 12

    $default  reduce using rule 19 (listaDefsTipo)

    listaDefsTipo  go to state 13


state 7

   16 definicionConst: BT_CONST . listaDefsConstantes BT_FCONST

    BT_IDENTIFICADOR  shift, and go to state 14

    $default  reduce using rule 31 (listaDefsConstantes)

    listaDefsConstantes  go to state 15


state 8

    1 descAlgoritmo: BT_ALGORITMO BT_IDENTIFICADOR BT_COMPOSICIONSECUENCIAL cabeceraAlgoritmo . bloqueAlgoritmo BT_FALGORITMO

    BT_TIPO   shift, and go to state 6
    BT_CONST  shift, and go to state 7
    BT_VAR    shift, and go to state 16

    $default  reduce using rule 14 (declaraciones)

    bloqueAlgoritmo  go to state 17
    bloque           go to state 18
    declaraciones    go to state 19
    definicionTipo   go to state 20
    definicionConst  go to state 21
    definicionVar    go to state 22


state 9

    2 cabeceraAlgoritmo: defGlobales . defAccionesFunciones defVariablesInteraccion BT_COMENTARIO

    BT_ACCION   shift, and go to state 23
    BT_FUNCION  shift, and go to state 24

    $default  reduce using rule 9 (defAccionesFunciones)

    defAccionesFunciones  go to state 25
    defAccion             go to state 26
    defFuncion            go to state 27


state 10

    4 defGlobales: definicionTipo . defGlobales

    BT_TIPO   shift, and go to state 6
    BT_CONST  shift, and go to state 7

    $default  reduce using rule 6 (defGlobales)

    defGlobales      go to state 28
    definicionTipo   go to state 10
    definicionConst  go to state 11


state 11

    5 defGlobales: definicionConst . defGlobales

    BT_TIPO   shift, and go to state 6
    BT_CONST  shift, and go to state 7

    $default  reduce using rule 6 (defGlobales)

    defGlobales      go to state 29
    definicionTipo   go to state 10
    definicionConst  go to state 11


state 12

   18 listaDefsTipo: BT_IDENTIFICADOR . BT_CREACIONTIPO defTipo BT_COMPOSICIONSECUENCIAL listaDefsTipo

    BT_CREACIONTIPO  shift, and go to state 30


state 13

   15 definicionTipo: BT_TIPO listaDefsTipo . BT_FTIPO

    BT_FTIPO  shift, and go to state 31


state 14

   30 listaDefsConstantes: BT_IDENTIFICADOR . BT_ASIGNACION BT_LITERAL BT_COMPOSICIONSECUENCIAL listaDefsConstantes

    BT_ASIGNACION  shift, and go to state 32


state 15

   16 definicionConst: BT_CONST listaDefsConstantes . BT_FCONST

    BT_FCONST  shift, and go to state 33


state 16

   17 definicionVar: BT_VAR . listaDefsVariables BT_FVAR

    BT_IDENTIFICADOR  shift, and go to state 34

    $default  reduce using rule 33 (listaDefsVariables)

    listaDefsVariables  go to state 35
    listaId             go to state 36


state 17

    1 descAlgoritmo: BT_ALGORITMO BT_IDENTIFICADOR BT_COMPOSICIONSECUENCIAL cabeceraAlgoritmo bloqueAlgoritmo . BT_FALGORITMO

    BT_FALGORITMO  shift, and go to state 37


state 18

    3 bloqueAlgoritmo: bloque . BT_COMENTARIO

    BT_COMENTARIO  shift, and go to state 38


state 19

   10 bloque: declaraciones . instrucciones

    BT_IDENTIFICADOR  shift, and go to state 39
    BT_CONTINUAR      shift, and go to state 40
    BT_SI             shift, and go to state 41
    BT_MIENTRAS       shift, and go to state 42
    BT_PARA           shift, and go to state 43

    operando        go to state 44
    instrucciones   go to state 45
    instruccion     go to state 46
    asignacion      go to state 47
    alternativa     go to state 48
    iteracion       go to state 49
    itCotaVariable  go to state 50
    itCotaFija      go to state 51
    llamadaAccion   go to state 52


state 20

   11 declaraciones: definicionTipo . declaraciones

    BT_TIPO   shift, and go to state 6
    BT_CONST  shift, and go to state 7
    BT_VAR    shift, and go to state 16

    $default  reduce using rule 14 (declaraciones)

    declaraciones    go to state 53
    definicionTipo   go to state 20
    definicionConst  go to state 21
    definicionVar    go to state 22


state 21

   12 declaraciones: definicionConst . declaraciones

    BT_TIPO   shift, and go to state 6
    BT_CONST  shift, and go to state 7
    BT_VAR    shift, and go to state 16

    $default  reduce using rule 14 (declaraciones)

    declaraciones    go to state 54
    definicionTipo   go to state 20
    definicionConst  go to state 21
    definicionVar    go to state 22


state 22

   13 declaraciones: definicionVar . declaraciones

    BT_TIPO   shift, and go to state 6
    BT_CONST  shift, and go to state 7
    BT_VAR    shift, and go to state 16

    $default  reduce using rule 14 (declaraciones)

    declaraciones    go to state 55
    definicionTipo   go to state 20
    definicionConst  go to state 21
    definicionVar    go to state 22


state 23

   86 defAccion: BT_ACCION . cabeceraAccion bloque BT_FACCION

    BT_IDENTIFICADOR  shift, and go to state 56

    cabeceraAccion  go to state 57


state 24

   87 defFuncion: BT_FUNCION . cabeceraFuncion bloque BT_DEV expresion BT_FFUNCION

    BT_IDENTIFICADOR  shift, and go to state 58

    cabeceraFuncion  go to state 59


state 25

    2 cabeceraAlgoritmo: defGlobales defAccionesFunciones . defVariablesInteraccion BT_COMENTARIO

    BT_ENT  shift, and go to state 60
    BT_SAL  shift, and go to state 61

    defVariablesInteraccion  go to state 62
    defEntrada               go to state 63
    defSalida                go to state 64


state 26

    7 defAccionesFunciones: defAccion . defAccionesFunciones

    BT_ACCION   shift, and go to state 23
    BT_FUNCION  shift, and go to state 24

    $default  reduce using rule 9 (defAccionesFunciones)

    defAccionesFunciones  go to state 65
    defAccion             go to state 26
    defFuncion            go to state 27


state 27

    8 defAccionesFunciones: defFuncion . defAccionesFunciones

    BT_ACCION   shift, and go to state 23
    BT_FUNCION  shift, and go to state 24

    $default  reduce using rule 9 (defAccionesFunciones)

    defAccionesFunciones  go to state 66
    defAccion             go to state 26
    defFuncion            go to state 27


state 28

    4 defGlobales: definicionTipo defGlobales .

    $default  reduce using rule 4 (defGlobales)


state 29

    5 defGlobales: definicionConst defGlobales .

    $default  reduce using rule 5 (defGlobales)


state 30

   18 listaDefsTipo: BT_IDENTIFICADOR BT_CREACIONTIPO . defTipo BT_COMPOSICIONSECUENCIAL listaDefsTipo

    BT_IDENTIFICADOR    shift, and go to state 67
    BT_TUPLA            shift, and go to state 68
    BT_TABLA            shift, and go to state 69
    BT_REF              shift, and go to state 70
    BT_TIPOBASE         shift, and go to state 71
    BT_LITERALCARACTER  shift, and go to state 72
    BT_LITERALENTERO    shift, and go to state 73

    defTipo     go to state 74
    expresionT  go to state 75


state 31

   15 definicionTipo: BT_TIPO listaDefsTipo BT_FTIPO .

    $default  reduce using rule 15 (definicionTipo)


state 32

   30 listaDefsConstantes: BT_IDENTIFICADOR BT_ASIGNACION . BT_LITERAL BT_COMPOSICIONSECUENCIAL listaDefsConstantes

    BT_LITERAL  shift, and go to state 76


state 33

   16 definicionConst: BT_CONST listaDefsConstantes BT_FCONST .

    $default  reduce using rule 16 (definicionConst)


state 34

   34 listaId: BT_IDENTIFICADOR . BT_DEFINICIONTIPOVARIABLE defTipo BT_COMPOSICIONSECUENCIAL
   35        | BT_IDENTIFICADOR . BT_SEPARADOR listaId

    BT_DEFINICIONTIPOVARIABLE  shift, and go to state 77
    BT_SEPARADOR               shift, and go to state 78


state 35

   17 definicionVar: BT_VAR listaDefsVariables . BT_FVAR

    BT_FVAR  shift, and go to state 79


state 36

   32 listaDefsVariables: listaId . listaDefsVariables

    BT_IDENTIFICADOR  shift, and go to state 34

    $default  reduce using rule 33 (listaDefsVariables)

    listaDefsVariables  go to state 80
    listaId             go to state 36


state 37

    1 descAlgoritmo: BT_ALGORITMO BT_IDENTIFICADOR BT_COMPOSICIONSECUENCIAL cabeceraAlgoritmo bloqueAlgoritmo BT_FALGORITMO .

    $default  reduce using rule 1 (descAlgoritmo)


state 38

    3 bloqueAlgoritmo: bloque BT_COMENTARIO .

    $default  reduce using rule 3 (bloqueAlgoritmo)


state 39

   67 operando: BT_IDENTIFICADOR .
   96 llamadaAccion: BT_IDENTIFICADOR . BT_INICIOPARENTESIS parametrosReales BT_FINPARENTESIS

    BT_INICIOPARENTESIS  shift, and go to state 81

    $default  reduce using rule 67 (operando)


state 40

   73 instruccion: BT_CONTINUAR .

    $default  reduce using rule 73 (instruccion)


state 41

   79 alternativa: BT_SI . expresion BT_ENTONCES M instrucciones N M listaOpciones BT_FSI

    BT_IDENTIFICADOR     shift, and go to state 82
    BT_LITERALBOOLEANO   shift, and go to state 83
    BT_LITERALNUMERICO   shift, and go to state 84
    BT_LITERALENTERO     shift, and go to state 85
    BT_LITERALREAL       shift, and go to state 86
    BT_NO                shift, and go to state 87
    BT_SUMA              shift, and go to state 88
    BT_RESTA             shift, and go to state 89
    BT_INICIOPARENTESIS  shift, and go to state 90

    expresion       go to state 91
    operando        go to state 92
    llamadaFuncion  go to state 93


state 42

   84 itCotaVariable: BT_MIENTRAS . expresion BT_HACER instrucciones BT_FMIENTRAS

    BT_IDENTIFICADOR     shift, and go to state 82
    BT_LITERALBOOLEANO   shift, and go to state 83
    BT_LITERALNUMERICO   shift, and go to state 84
    BT_LITERALENTERO     shift, and go to state 85
    BT_LITERALREAL       shift, and go to state 86
    BT_NO                shift, and go to state 87
    BT_SUMA              shift, and go to state 88
    BT_RESTA             shift, and go to state 89
    BT_INICIOPARENTESIS  shift, and go to state 90

    expresion       go to state 94
    operando        go to state 92
    llamadaFuncion  go to state 93


state 43

   85 itCotaFija: BT_PARA . BT_IDENTIFICADOR BT_ASIGNACION expresion BT_HASTA expresion BT_HACER instrucciones BT_FPARA

    BT_IDENTIFICADOR  shift, and go to state 95


state 44

   68 operando: operando . BT_PUNTO operando
   69         | operando . BT_INICIOARRAY expresion BT_FINARRAY
   70         | operando . BT_REF
   78 asignacion: operando . BT_ASIGNACION expresion

    BT_REF          shift, and go to state 96
    BT_PUNTO        shift, and go to state 97
    BT_ASIGNACION   shift, and go to state 98
    BT_INICIOARRAY  shift, and go to state 99


state 45

   10 bloque: declaraciones instrucciones .

    $default  reduce using rule 10 (bloque)


state 46

   71 instrucciones: instruccion . BT_COMPOSICIONSECUENCIAL M instrucciones
   72              | instruccion .

    BT_COMPOSICIONSECUENCIAL  shift, and go to state 100

    $default  reduce using rule 72 (instrucciones)


state 47

   74 instruccion: asignacion .

    $default  reduce using rule 74 (instruccion)


state 48

   75 instruccion: alternativa .

    $default  reduce using rule 75 (instruccion)


state 49

   76 instruccion: iteracion .

    $default  reduce using rule 76 (instruccion)


state 50

   83 iteracion: itCotaVariable .

    $default  reduce using rule 83 (iteracion)


state 51

   82 iteracion: itCotaFija .

    $default  reduce using rule 82 (iteracion)


state 52

   77 instruccion: llamadaAccion .

    $default  reduce using rule 77 (instruccion)


state 53

   11 declaraciones: definicionTipo declaraciones .

    $default  reduce using rule 11 (declaraciones)


state 54

   12 declaraciones: definicionConst declaraciones .

    $default  reduce using rule 12 (declaraciones)


state 55

   13 declaraciones: definicionVar declaraciones .

    $default  reduce using rule 13 (declaraciones)


state 56

   88 cabeceraAccion: BT_IDENTIFICADOR . BT_INICIOPARENTESIS defParForm BT_FINPARENTESIS BT_COMPOSICIONSECUENCIAL

    BT_INICIOPARENTESIS  shift, and go to state 101


state 57

   86 defAccion: BT_ACCION cabeceraAccion . bloque BT_FACCION

    BT_TIPO   shift, and go to state 6
    BT_CONST  shift, and go to state 7
    BT_VAR    shift, and go to state 16

    $default  reduce using rule 14 (declaraciones)

    bloque           go to state 102
    declaraciones    go to state 19
    definicionTipo   go to state 20
    definicionConst  go to state 21
    definicionVar    go to state 22


state 58

   89 cabeceraFuncion: BT_IDENTIFICADOR . BT_INICIOPARENTESIS listaDefsVariables BT_FINPARENTESIS BT_DEV defTipo

    BT_INICIOPARENTESIS  shift, and go to state 103


state 59

   87 defFuncion: BT_FUNCION cabeceraFuncion . bloque BT_DEV expresion BT_FFUNCION

    BT_TIPO   shift, and go to state 6
    BT_CONST  shift, and go to state 7
    BT_VAR    shift, and go to state 16

    $default  reduce using rule 14 (declaraciones)

    bloque           go to state 104
    declaraciones    go to state 19
    definicionTipo   go to state 20
    definicionConst  go to state 21
    definicionVar    go to state 22


state 60

   39 defEntrada: BT_ENT . listaDefsVariables

    BT_IDENTIFICADOR  shift, and go to state 34

    $default  reduce using rule 33 (listaDefsVariables)

    listaDefsVariables  go to state 105
    listaId             go to state 36


state 61

   40 defSalida: BT_SAL . listaDefsVariables

    BT_IDENTIFICADOR  shift, and go to state 34

    $default  reduce using rule 33 (listaDefsVariables)

    listaDefsVariables  go to state 106
    listaId             go to state 36


state 62

    2 cabeceraAlgoritmo: defGlobales defAccionesFunciones defVariablesInteraccion . BT_COMENTARIO

    BT_COMENTARIO  shift, and go to state 107


state 63

   36 defVariablesInteraccion: defEntrada .
   37                        | defEntrada . defSalida

    BT_SAL  shift, and go to state 61

    $default  reduce using rule 36 (defVariablesInteraccion)

    defSalida  go to state 108


state 64

   38 defVariablesInteraccion: defSalida .

    $default  reduce using rule 38 (defVariablesInteraccion)


state 65

    7 defAccionesFunciones: defAccion defAccionesFunciones .

    $default  reduce using rule 7 (defAccionesFunciones)


state 66

    8 defAccionesFunciones: defFuncion defAccionesFunciones .

    $default  reduce using rule 8 (defAccionesFunciones)


state 67

   22 defTipo: BT_IDENTIFICADOR .

    $default  reduce using rule 22 (defTipo)


state 68

   20 defTipo: BT_TUPLA . listaCampos BT_FTUPLA

    BT_IDENTIFICADOR  shift, and go to state 109

    $default  reduce using rule 29 (listaCampos)

    listaCampos  go to state 110


state 69

   21 defTipo: BT_TABLA . BT_INICIOARRAY expresionT BT_SUBRANGO expresionT BT_FINARRAY BT_DE defTipo

    BT_INICIOARRAY  shift, and go to state 111


state 70

   24 defTipo: BT_REF . defTipo

    BT_IDENTIFICADOR    shift, and go to state 67
    BT_TUPLA            shift, and go to state 68
    BT_TABLA            shift, and go to state 69
    BT_REF              shift, and go to state 70
    BT_TIPOBASE         shift, and go to state 71
    BT_LITERALCARACTER  shift, and go to state 72
    BT_LITERALENTERO    shift, and go to state 73

    defTipo     go to state 112
    expresionT  go to state 75


state 71

   25 defTipo: BT_TIPOBASE .

    $default  reduce using rule 25 (defTipo)


state 72

   27 expresionT: BT_LITERALCARACTER .

    $default  reduce using rule 27 (expresionT)


state 73

   26 expresionT: BT_LITERALENTERO .

    $default  reduce using rule 26 (expresionT)


state 74

   18 listaDefsTipo: BT_IDENTIFICADOR BT_CREACIONTIPO defTipo . BT_COMPOSICIONSECUENCIAL listaDefsTipo

    BT_COMPOSICIONSECUENCIAL  shift, and go to state 113


state 75

   23 defTipo: expresionT . BT_SUBRANGO expresionT

    BT_SUBRANGO  shift, and go to state 114


state 76

   30 listaDefsConstantes: BT_IDENTIFICADOR BT_ASIGNACION BT_LITERAL . BT_COMPOSICIONSECUENCIAL listaDefsConstantes

    BT_COMPOSICIONSECUENCIAL  shift, and go to state 115


state 77

   34 listaId: BT_IDENTIFICADOR BT_DEFINICIONTIPOVARIABLE . defTipo BT_COMPOSICIONSECUENCIAL

    BT_IDENTIFICADOR    shift, and go to state 67
    BT_TUPLA            shift, and go to state 68
    BT_TABLA            shift, and go to state 69
    BT_REF              shift, and go to state 70
    BT_TIPOBASE         shift, and go to state 71
    BT_LITERALCARACTER  shift, and go to state 72
    BT_LITERALENTERO    shift, and go to state 73

    defTipo     go to state 116
    expresionT  go to state 75


state 78

   35 listaId: BT_IDENTIFICADOR BT_SEPARADOR . listaId

    BT_IDENTIFICADOR  shift, and go to state 34

    listaId  go to state 117


state 79

   17 definicionVar: BT_VAR listaDefsVariables BT_FVAR .

    $default  reduce using rule 17 (definicionVar)


state 80

   32 listaDefsVariables: listaId listaDefsVariables .

    $default  reduce using rule 32 (listaDefsVariables)


state 81

   96 llamadaAccion: BT_IDENTIFICADOR BT_INICIOPARENTESIS . parametrosReales BT_FINPARENTESIS

    BT_IDENTIFICADOR     shift, and go to state 82
    BT_LITERALBOOLEANO   shift, and go to state 83
    BT_LITERALNUMERICO   shift, and go to state 84
    BT_LITERALENTERO     shift, and go to state 85
    BT_LITERALREAL       shift, and go to state 86
    BT_NO                shift, and go to state 87
    BT_SUMA              shift, and go to state 88
    BT_RESTA             shift, and go to state 89
    BT_INICIOPARENTESIS  shift, and go to state 90

    $default  reduce using rule 100 (parametrosReales)

    expresion         go to state 118
    operando          go to state 92
    llamadaFuncion    go to state 93
    parametrosReales  go to state 119


state 82

   67 operando: BT_IDENTIFICADOR .
   97 llamadaFuncion: BT_IDENTIFICADOR . BT_INICIOPARENTESIS parametrosReales BT_FINPARENTESIS

    BT_INICIOPARENTESIS  shift, and go to state 120

    $default  reduce using rule 67 (operando)


state 83

   58 expresion: BT_LITERALBOOLEANO .

    $default  reduce using rule 58 (expresion)


state 84

   51 expresion: BT_LITERALNUMERICO .

    $default  reduce using rule 51 (expresion)


state 85

   53 expresion: BT_LITERALENTERO .

    $default  reduce using rule 53 (expresion)


state 86

   52 expresion: BT_LITERALREAL .

    $default  reduce using rule 52 (expresion)


state 87

   57 expresion: BT_NO . expresion

    BT_IDENTIFICADOR     shift, and go to state 82
    BT_LITERALBOOLEANO   shift, and go to state 83
    BT_LITERALNUMERICO   shift, and go to state 84
    BT_LITERALENTERO     shift, and go to state 85
    BT_LITERALREAL       shift, and go to state 86
    BT_NO                shift, and go to state 87
    BT_SUMA              shift, and go to state 88
    BT_RESTA             shift, and go to state 89
    BT_INICIOPARENTESIS  shift, and go to state 90

    expresion       go to state 121
    operando        go to state 92
    llamadaFuncion  go to state 93


state 88

   54 expresion: BT_SUMA . expresion

    BT_IDENTIFICADOR     shift, and go to state 82
    BT_LITERALBOOLEANO   shift, and go to state 83
    BT_LITERALNUMERICO   shift, and go to state 84
    BT_LITERALENTERO     shift, and go to state 85
    BT_LITERALREAL       shift, and go to state 86
    BT_NO                shift, and go to state 87
    BT_SUMA              shift, and go to state 88
    BT_RESTA             shift, and go to state 89
    BT_INICIOPARENTESIS  shift, and go to state 90

    expresion       go to state 122
    operando        go to state 92
    llamadaFuncion  go to state 93


state 89

   50 expresion: BT_RESTA . expresion

    BT_IDENTIFICADOR     shift, and go to state 82
    BT_LITERALBOOLEANO   shift, and go to state 83
    BT_LITERALNUMERICO   shift, and go to state 84
    BT_LITERALENTERO     shift, and go to state 85
    BT_LITERALREAL       shift, and go to state 86
    BT_NO                shift, and go to state 87
    BT_SUMA              shift, and go to state 88
    BT_RESTA             shift, and go to state 89
    BT_INICIOPARENTESIS  shift, and go to state 90

    expresion       go to state 123
    operando        go to state 92
    llamadaFuncion  go to state 93


state 90

   49 expresion: BT_INICIOPARENTESIS . expresion BT_FINPARENTESIS

    BT_IDENTIFICADOR     shift, and go to state 82
    BT_LITERALBOOLEANO   shift, and go to state 83
    BT_LITERALNUMERICO   shift, and go to state 84
    BT_LITERALENTERO     shift, and go to state 85
    BT_LITERALREAL       shift, and go to state 86
    BT_NO                shift, and go to state 87
    BT_SUMA              shift, and go to state 88
    BT_RESTA             shift, and go to state 89
    BT_INICIOPARENTESIS  shift, and go to state 90

    expresion       go to state 124
    operando        go to state 92
    llamadaFuncion  go to state 93


state 91

   43 expresion: expresion . BT_SUMA expresion
   44          | expresion . BT_RESTA expresion
   45          | expresion . BT_MULTIPLICACION expresion
   46          | expresion . BT_DIVREAL expresion
   47          | expresion . BT_DIV expresion
   48          | expresion . BT_MOD expresion
   55          | expresion . BT_Y M expresion
   56          | expresion . BT_O M expresion
   59          | expresion . BT_MAYOR expresion
   60          | expresion . BT_MENOR expresion
   61          | expresion . BT_IGUAL expresion
   62          | expresion . BT_DISTINTO expresion
   63          | expresion . BT_MAYORIGUAL expresion
   64          | expresion . BT_MENORIGUAL expresion
   79 alternativa: BT_SI expresion . BT_ENTONCES M instrucciones N M listaOpciones BT_FSI

    BT_Y               shift, and go to state 125
    BT_O               shift, and go to state 126
    BT_SUMA            shift, and go to state 127
    BT_RESTA           shift, and go to state 128
    BT_DIV             shift, and go to state 129
    BT_MOD             shift, and go to state 130
    BT_DIVREAL         shift, and go to state 131
    BT_MULTIPLICACION  shift, and go to state 132
    BT_ENTONCES        shift, and go to state 133
    BT_MAYOR           shift, and go to state 134
    BT_MENOR           shift, and go to state 135
    BT_IGUAL           shift, and go to state 136
    BT_DISTINTO        shift, and go to state 137
    BT_MAYORIGUAL      shift, and go to state 138
    BT_MENORIGUAL      shift, and go to state 139


state 92

   42 expresion: operando .
   68 operando: operando . BT_PUNTO operando
   69         | operando . BT_INICIOARRAY expresion BT_FINARRAY
   70         | operando . BT_REF

    BT_REF          shift, and go to state 96
    BT_PUNTO        shift, and go to state 97
    BT_INICIOARRAY  shift, and go to state 99

    $default  reduce using rule 42 (expresion)


state 93

   41 expresion: llamadaFuncion .

    $default  reduce using rule 41 (expresion)


state 94

   43 expresion: expresion . BT_SUMA expresion
   44          | expresion . BT_RESTA expresion
   45          | expresion . BT_MULTIPLICACION expresion
   46          | expresion . BT_DIVREAL expresion
   47          | expresion . BT_DIV expresion
   48          | expresion . BT_MOD expresion
   55          | expresion . BT_Y M expresion
   56          | expresion . BT_O M expresion
   59          | expresion . BT_MAYOR expresion
   60          | expresion . BT_MENOR expresion
   61          | expresion . BT_IGUAL expresion
   62          | expresion . BT_DISTINTO expresion
   63          | expresion . BT_MAYORIGUAL expresion
   64          | expresion . BT_MENORIGUAL expresion
   84 itCotaVariable: BT_MIENTRAS expresion . BT_HACER instrucciones BT_FMIENTRAS

    BT_Y               shift, and go to state 125
    BT_O               shift, and go to state 126
    BT_HACER           shift, and go to state 140
    BT_SUMA            shift, and go to state 127
    BT_RESTA           shift, and go to state 128
    BT_DIV             shift, and go to state 129
    BT_MOD             shift, and go to state 130
    BT_DIVREAL         shift, and go to state 131
    BT_MULTIPLICACION  shift, and go to state 132
    BT_MAYOR           shift, and go to state 134
    BT_MENOR           shift, and go to state 135
    BT_IGUAL           shift, and go to state 136
    BT_DISTINTO        shift, and go to state 137
    BT_MAYORIGUAL      shift, and go to state 138
    BT_MENORIGUAL      shift, and go to state 139


state 95

   85 itCotaFija: BT_PARA BT_IDENTIFICADOR . BT_ASIGNACION expresion BT_HASTA expresion BT_HACER instrucciones BT_FPARA

    BT_ASIGNACION  shift, and go to state 141


state 96

   70 operando: operando BT_REF .

    $default  reduce using rule 70 (operando)


state 97

   68 operando: operando BT_PUNTO . operando

    BT_IDENTIFICADOR  shift, and go to state 142

    operando  go to state 143


state 98

   78 asignacion: operando BT_ASIGNACION . expresion

    BT_IDENTIFICADOR     shift, and go to state 82
    BT_LITERALBOOLEANO   shift, and go to state 83
    BT_LITERALNUMERICO   shift, and go to state 84
    BT_LITERALENTERO     shift, and go to state 85
    BT_LITERALREAL       shift, and go to state 86
    BT_NO                shift, and go to state 87
    BT_SUMA              shift, and go to state 88
    BT_RESTA             shift, and go to state 89
    BT_INICIOPARENTESIS  shift, and go to state 90

    expresion       go to state 144
    operando        go to state 92
    llamadaFuncion  go to state 93


state 99

   69 operando: operando BT_INICIOARRAY . expresion BT_FINARRAY

    BT_IDENTIFICADOR     shift, and go to state 82
    BT_LITERALBOOLEANO   shift, and go to state 83
    BT_LITERALNUMERICO   shift, and go to state 84
    BT_LITERALENTERO     shift, and go to state 85
    BT_LITERALREAL       shift, and go to state 86
    BT_NO                shift, and go to state 87
    BT_SUMA              shift, and go to state 88
    BT_RESTA             shift, and go to state 89
    BT_INICIOPARENTESIS  shift, and go to state 90

    expresion       go to state 145
    operando        go to state 92
    llamadaFuncion  go to state 93


state 100

   71 instrucciones: instruccion BT_COMPOSICIONSECUENCIAL . M instrucciones

    $default  reduce using rule 65 (M)

    M  go to state 146


state 101

   88 cabeceraAccion: BT_IDENTIFICADOR BT_INICIOPARENTESIS . defParForm BT_FINPARENTESIS BT_COMPOSICIONSECUENCIAL

    BT_ENT     shift, and go to state 147
    BT_SAL     shift, and go to state 148
    BT_ENTSAL  shift, and go to state 149

    $default  reduce using rule 92 (defParForm)

    defParForm  go to state 150
    dParForm    go to state 151


state 102

   86 defAccion: BT_ACCION cabeceraAccion bloque . BT_FACCION

    BT_FACCION  shift, and go to state 152


state 103

   89 cabeceraFuncion: BT_IDENTIFICADOR BT_INICIOPARENTESIS . listaDefsVariables BT_FINPARENTESIS BT_DEV defTipo

    BT_IDENTIFICADOR  shift, and go to state 34

    $default  reduce using rule 33 (listaDefsVariables)

    listaDefsVariables  go to state 153
    listaId             go to state 36


state 104

   87 defFuncion: BT_FUNCION cabeceraFuncion bloque . BT_DEV expresion BT_FFUNCION

    BT_DEV  shift, and go to state 154


state 105

   39 defEntrada: BT_ENT listaDefsVariables .

    $default  reduce using rule 39 (defEntrada)


state 106

   40 defSalida: BT_SAL listaDefsVariables .

    $default  reduce using rule 40 (defSalida)


state 107

    2 cabeceraAlgoritmo: defGlobales defAccionesFunciones defVariablesInteraccion BT_COMENTARIO .

    $default  reduce using rule 2 (cabeceraAlgoritmo)


state 108

   37 defVariablesInteraccion: defEntrada defSalida .

    $default  reduce using rule 37 (defVariablesInteraccion)


state 109

   28 listaCampos: BT_IDENTIFICADOR . BT_ASIGNACION defTipo BT_COMPOSICIONSECUENCIAL listaCampos

    BT_ASIGNACION  shift, and go to state 155


state 110

   20 defTipo: BT_TUPLA listaCampos . BT_FTUPLA

    BT_FTUPLA  shift, and go to state 156


state 111

   21 defTipo: BT_TABLA BT_INICIOARRAY . expresionT BT_SUBRANGO expresionT BT_FINARRAY BT_DE defTipo

    BT_LITERALCARACTER  shift, and go to state 72
    BT_LITERALENTERO    shift, and go to state 73

    expresionT  go to state 157


state 112

   24 defTipo: BT_REF defTipo .

    $default  reduce using rule 24 (defTipo)


state 113

   18 listaDefsTipo: BT_IDENTIFICADOR BT_CREACIONTIPO defTipo BT_COMPOSICIONSECUENCIAL . listaDefsTipo

    BT_IDENTIFICADOR  shift, and go to state 12

    $default  reduce using rule 19 (listaDefsTipo)

    listaDefsTipo  go to state 158


state 114

   23 defTipo: expresionT BT_SUBRANGO . expresionT

    BT_LITERALCARACTER  shift, and go to state 72
    BT_LITERALENTERO    shift, and go to state 73

    expresionT  go to state 159


state 115

   30 listaDefsConstantes: BT_IDENTIFICADOR BT_ASIGNACION BT_LITERAL BT_COMPOSICIONSECUENCIAL . listaDefsConstantes

    BT_IDENTIFICADOR  shift, and go to state 14

    $default  reduce using rule 31 (listaDefsConstantes)

    listaDefsConstantes  go to state 160


state 116

   34 listaId: BT_IDENTIFICADOR BT_DEFINICIONTIPOVARIABLE defTipo . BT_COMPOSICIONSECUENCIAL

    BT_COMPOSICIONSECUENCIAL  shift, and go to state 161


state 117

   35 listaId: BT_IDENTIFICADOR BT_SEPARADOR listaId .

    $default  reduce using rule 35 (listaId)


state 118

   43 expresion: expresion . BT_SUMA expresion
   44          | expresion . BT_RESTA expresion
   45          | expresion . BT_MULTIPLICACION expresion
   46          | expresion . BT_DIVREAL expresion
   47          | expresion . BT_DIV expresion
   48          | expresion . BT_MOD expresion
   55          | expresion . BT_Y M expresion
   56          | expresion . BT_O M expresion
   59          | expresion . BT_MAYOR expresion
   60          | expresion . BT_MENOR expresion
   61          | expresion . BT_IGUAL expresion
   62          | expresion . BT_DISTINTO expresion
   63          | expresion . BT_MAYORIGUAL expresion
   64          | expresion . BT_MENORIGUAL expresion
   98 parametrosReales: expresion . BT_SEPARADOR parametrosReales
   99                 | expresion .

    BT_Y               shift, and go to state 125
    BT_O               shift, and go to state 126
    BT_SUMA            shift, and go to state 127
    BT_RESTA           shift, and go to state 128
    BT_DIV             shift, and go to state 129
    BT_MOD             shift, and go to state 130
    BT_DIVREAL         shift, and go to state 131
    BT_MULTIPLICACION  shift, and go to state 132
    BT_SEPARADOR       shift, and go to state 162
    BT_MAYOR           shift, and go to state 134
    BT_MENOR           shift, and go to state 135
    BT_IGUAL           shift, and go to state 136
    BT_DISTINTO        shift, and go to state 137
    BT_MAYORIGUAL      shift, and go to state 138
    BT_MENORIGUAL      shift, and go to state 139

    $default  reduce using rule 99 (parametrosReales)


state 119

   96 llamadaAccion: BT_IDENTIFICADOR BT_INICIOPARENTESIS parametrosReales . BT_FINPARENTESIS

    BT_FINPARENTESIS  shift, and go to state 163


state 120

   97 llamadaFuncion: BT_IDENTIFICADOR BT_INICIOPARENTESIS . parametrosReales BT_FINPARENTESIS

    BT_IDENTIFICADOR     shift, and go to state 82
    BT_LITERALBOOLEANO   shift, and go to state 83
    BT_LITERALNUMERICO   shift, and go to state 84
    BT_LITERALENTERO     shift, and go to state 85
    BT_LITERALREAL       shift, and go to state 86
    BT_NO                shift, and go to state 87
    BT_SUMA              shift, and go to state 88
    BT_RESTA             shift, and go to state 89
    BT_INICIOPARENTESIS  shift, and go to state 90

    $default  reduce using rule 100 (parametrosReales)

    expresion         go to state 118
    operando          go to state 92
    llamadaFuncion    go to state 93
    parametrosReales  go to state 164


state 121

   43 expresion: expresion . BT_SUMA expresion
   44          | expresion . BT_RESTA expresion
   45          | expresion . BT_MULTIPLICACION expresion
   46          | expresion . BT_DIVREAL expresion
   47          | expresion . BT_DIV expresion
   48          | expresion . BT_MOD expresion
   55          | expresion . BT_Y M expresion
   56          | expresion . BT_O M expresion
   57          | BT_NO expresion .
   59          | expresion . BT_MAYOR expresion
   60          | expresion . BT_MENOR expresion
   61          | expresion . BT_IGUAL expresion
   62          | expresion . BT_DISTINTO expresion
   63          | expresion . BT_MAYORIGUAL expresion
   64          | expresion . BT_MENORIGUAL expresion

    BT_SUMA            shift, and go to state 127
    BT_RESTA           shift, and go to state 128
    BT_DIV             shift, and go to state 129
    BT_MOD             shift, and go to state 130
    BT_DIVREAL         shift, and go to state 131
    BT_MULTIPLICACION  shift, and go to state 132
    BT_MAYOR           shift, and go to state 134
    BT_MENOR           shift, and go to state 135
    BT_IGUAL           shift, and go to state 136
    BT_DISTINTO        shift, and go to state 137
    BT_MAYORIGUAL      shift, and go to state 138
    BT_MENORIGUAL      shift, and go to state 139

    $default  reduce using rule 57 (expresion)


state 122

   43 expresion: expresion . BT_SUMA expresion
   44          | expresion . BT_RESTA expresion
   45          | expresion . BT_MULTIPLICACION expresion
   46          | expresion . BT_DIVREAL expresion
   47          | expresion . BT_DIV expresion
   48          | expresion . BT_MOD expresion
   54          | BT_SUMA expresion .
   55          | expresion . BT_Y M expresion
   56          | expresion . BT_O M expresion
   59          | expresion . BT_MAYOR expresion
   60          | expresion . BT_MENOR expresion
   61          | expresion . BT_IGUAL expresion
   62          | expresion . BT_DISTINTO expresion
   63          | expresion . BT_MAYORIGUAL expresion
   64          | expresion . BT_MENORIGUAL expresion

    BT_DIVREAL         shift, and go to state 131
    BT_MULTIPLICACION  shift, and go to state 132

    $default  reduce using rule 54 (expresion)


state 123

   43 expresion: expresion . BT_SUMA expresion
   44          | expresion . BT_RESTA expresion
   45          | expresion . BT_MULTIPLICACION expresion
   46          | expresion . BT_DIVREAL expresion
   47          | expresion . BT_DIV expresion
   48          | expresion . BT_MOD expresion
   50          | BT_RESTA expresion .
   55          | expresion . BT_Y M expresion
   56          | expresion . BT_O M expresion
   59          | expresion . BT_MAYOR expresion
   60          | expresion . BT_MENOR expresion
   61          | expresion . BT_IGUAL expresion
   62          | expresion . BT_DISTINTO expresion
   63          | expresion . BT_MAYORIGUAL expresion
   64          | expresion . BT_MENORIGUAL expresion

    BT_DIVREAL         shift, and go to state 131
    BT_MULTIPLICACION  shift, and go to state 132

    $default  reduce using rule 50 (expresion)


state 124

   43 expresion: expresion . BT_SUMA expresion
   44          | expresion . BT_RESTA expresion
   45          | expresion . BT_MULTIPLICACION expresion
   46          | expresion . BT_DIVREAL expresion
   47          | expresion . BT_DIV expresion
   48          | expresion . BT_MOD expresion
   49          | BT_INICIOPARENTESIS expresion . BT_FINPARENTESIS
   55          | expresion . BT_Y M expresion
   56          | expresion . BT_O M expresion
   59          | expresion . BT_MAYOR expresion
   60          | expresion . BT_MENOR expresion
   61          | expresion . BT_IGUAL expresion
   62          | expresion . BT_DISTINTO expresion
   63          | expresion . BT_MAYORIGUAL expresion
   64          | expresion . BT_MENORIGUAL expresion

    BT_Y               shift, and go to state 125
    BT_O               shift, and go to state 126
    BT_SUMA            shift, and go to state 127
    BT_RESTA           shift, and go to state 128
    BT_DIV             shift, and go to state 129
    BT_MOD             shift, and go to state 130
    BT_DIVREAL         shift, and go to state 131
    BT_MULTIPLICACION  shift, and go to state 132
    BT_FINPARENTESIS   shift, and go to state 165
    BT_MAYOR           shift, and go to state 134
    BT_MENOR           shift, and go to state 135
    BT_IGUAL           shift, and go to state 136
    BT_DISTINTO        shift, and go to state 137
    BT_MAYORIGUAL      shift, and go to state 138
    BT_MENORIGUAL      shift, and go to state 139


state 125

   55 expresion: expresion BT_Y . M expresion

    $default  reduce using rule 65 (M)

    M  go to state 166


state 126

   56 expresion: expresion BT_O . M expresion

    $default  reduce using rule 65 (M)

    M  go to state 167


state 127

   43 expresion: expresion BT_SUMA . expresion

    BT_IDENTIFICADOR     shift, and go to state 82
    BT_LITERALBOOLEANO   shift, and go to state 83
    BT_LITERALNUMERICO   shift, and go to state 84
    BT_LITERALENTERO     shift, and go to state 85
    BT_LITERALREAL       shift, and go to state 86
    BT_NO                shift, and go to state 87
    BT_SUMA              shift, and go to state 88
    BT_RESTA             shift, and go to state 89
    BT_INICIOPARENTESIS  shift, and go to state 90

    expresion       go to state 168
    operando        go to state 92
    llamadaFuncion  go to state 93


state 128

   44 expresion: expresion BT_RESTA . expresion

    BT_IDENTIFICADOR     shift, and go to state 82
    BT_LITERALBOOLEANO   shift, and go to state 83
    BT_LITERALNUMERICO   shift, and go to state 84
    BT_LITERALENTERO     shift, and go to state 85
    BT_LITERALREAL       shift, and go to state 86
    BT_NO                shift, and go to state 87
    BT_SUMA              shift, and go to state 88
    BT_RESTA             shift, and go to state 89
    BT_INICIOPARENTESIS  shift, and go to state 90

    expresion       go to state 169
    operando        go to state 92
    llamadaFuncion  go to state 93


state 129

   47 expresion: expresion BT_DIV . expresion

    BT_IDENTIFICADOR     shift, and go to state 82
    BT_LITERALBOOLEANO   shift, and go to state 83
    BT_LITERALNUMERICO   shift, and go to state 84
    BT_LITERALENTERO     shift, and go to state 85
    BT_LITERALREAL       shift, and go to state 86
    BT_NO                shift, and go to state 87
    BT_SUMA              shift, and go to state 88
    BT_RESTA             shift, and go to state 89
    BT_INICIOPARENTESIS  shift, and go to state 90

    expresion       go to state 170
    operando        go to state 92
    llamadaFuncion  go to state 93


state 130

   48 expresion: expresion BT_MOD . expresion

    BT_IDENTIFICADOR     shift, and go to state 82
    BT_LITERALBOOLEANO   shift, and go to state 83
    BT_LITERALNUMERICO   shift, and go to state 84
    BT_LITERALENTERO     shift, and go to state 85
    BT_LITERALREAL       shift, and go to state 86
    BT_NO                shift, and go to state 87
    BT_SUMA              shift, and go to state 88
    BT_RESTA             shift, and go to state 89
    BT_INICIOPARENTESIS  shift, and go to state 90

    expresion       go to state 171
    operando        go to state 92
    llamadaFuncion  go to state 93


state 131

   46 expresion: expresion BT_DIVREAL . expresion

    BT_IDENTIFICADOR     shift, and go to state 82
    BT_LITERALBOOLEANO   shift, and go to state 83
    BT_LITERALNUMERICO   shift, and go to state 84
    BT_LITERALENTERO     shift, and go to state 85
    BT_LITERALREAL       shift, and go to state 86
    BT_NO                shift, and go to state 87
    BT_SUMA              shift, and go to state 88
    BT_RESTA             shift, and go to state 89
    BT_INICIOPARENTESIS  shift, and go to state 90

    expresion       go to state 172
    operando        go to state 92
    llamadaFuncion  go to state 93


state 132

   45 expresion: expresion BT_MULTIPLICACION . expresion

    BT_IDENTIFICADOR     shift, and go to state 82
    BT_LITERALBOOLEANO   shift, and go to state 83
    BT_LITERALNUMERICO   shift, and go to state 84
    BT_LITERALENTERO     shift, and go to state 85
    BT_LITERALREAL       shift, and go to state 86
    BT_NO                shift, and go to state 87
    BT_SUMA              shift, and go to state 88
    BT_RESTA             shift, and go to state 89
    BT_INICIOPARENTESIS  shift, and go to state 90

    expresion       go to state 173
    operando        go to state 92
    llamadaFuncion  go to state 93


state 133

   79 alternativa: BT_SI expresion BT_ENTONCES . M instrucciones N M listaOpciones BT_FSI

    $default  reduce using rule 65 (M)

    M  go to state 174


state 134

   59 expresion: expresion BT_MAYOR . expresion

    BT_IDENTIFICADOR     shift, and go to state 82
    BT_LITERALBOOLEANO   shift, and go to state 83
    BT_LITERALNUMERICO   shift, and go to state 84
    BT_LITERALENTERO     shift, and go to state 85
    BT_LITERALREAL       shift, and go to state 86
    BT_NO                shift, and go to state 87
    BT_SUMA              shift, and go to state 88
    BT_RESTA             shift, and go to state 89
    BT_INICIOPARENTESIS  shift, and go to state 90

    expresion       go to state 175
    operando        go to state 92
    llamadaFuncion  go to state 93


state 135

   60 expresion: expresion BT_MENOR . expresion

    BT_IDENTIFICADOR     shift, and go to state 82
    BT_LITERALBOOLEANO   shift, and go to state 83
    BT_LITERALNUMERICO   shift, and go to state 84
    BT_LITERALENTERO     shift, and go to state 85
    BT_LITERALREAL       shift, and go to state 86
    BT_NO                shift, and go to state 87
    BT_SUMA              shift, and go to state 88
    BT_RESTA             shift, and go to state 89
    BT_INICIOPARENTESIS  shift, and go to state 90

    expresion       go to state 176
    operando        go to state 92
    llamadaFuncion  go to state 93


state 136

   61 expresion: expresion BT_IGUAL . expresion

    BT_IDENTIFICADOR     shift, and go to state 82
    BT_LITERALBOOLEANO   shift, and go to state 83
    BT_LITERALNUMERICO   shift, and go to state 84
    BT_LITERALENTERO     shift, and go to state 85
    BT_LITERALREAL       shift, and go to state 86
    BT_NO                shift, and go to state 87
    BT_SUMA              shift, and go to state 88
    BT_RESTA             shift, and go to state 89
    BT_INICIOPARENTESIS  shift, and go to state 90

    expresion       go to state 177
    operando        go to state 92
    llamadaFuncion  go to state 93


state 137

   62 expresion: expresion BT_DISTINTO . expresion

    BT_IDENTIFICADOR     shift, and go to state 82
    BT_LITERALBOOLEANO   shift, and go to state 83
    BT_LITERALNUMERICO   shift, and go to state 84
    BT_LITERALENTERO     shift, and go to state 85
    BT_LITERALREAL       shift, and go to state 86
    BT_NO                shift, and go to state 87
    BT_SUMA              shift, and go to state 88
    BT_RESTA             shift, and go to state 89
    BT_INICIOPARENTESIS  shift, and go to state 90

    expresion       go to state 178
    operando        go to state 92
    llamadaFuncion  go to state 93


state 138

   63 expresion: expresion BT_MAYORIGUAL . expresion

    BT_IDENTIFICADOR     shift, and go to state 82
    BT_LITERALBOOLEANO   shift, and go to state 83
    BT_LITERALNUMERICO   shift, and go to state 84
    BT_LITERALENTERO     shift, and go to state 85
    BT_LITERALREAL       shift, and go to state 86
    BT_NO                shift, and go to state 87
    BT_SUMA              shift, and go to state 88
    BT_RESTA             shift, and go to state 89
    BT_INICIOPARENTESIS  shift, and go to state 90

    expresion       go to state 179
    operando        go to state 92
    llamadaFuncion  go to state 93


state 139

   64 expresion: expresion BT_MENORIGUAL . expresion

    BT_IDENTIFICADOR     shift, and go to state 82
    BT_LITERALBOOLEANO   shift, and go to state 83
    BT_LITERALNUMERICO   shift, and go to state 84
    BT_LITERALENTERO     shift, and go to state 85
    BT_LITERALREAL       shift, and go to state 86
    BT_NO                shift, and go to state 87
    BT_SUMA              shift, and go to state 88
    BT_RESTA             shift, and go to state 89
    BT_INICIOPARENTESIS  shift, and go to state 90

    expresion       go to state 180
    operando        go to state 92
    llamadaFuncion  go to state 93


state 140

   84 itCotaVariable: BT_MIENTRAS expresion BT_HACER . instrucciones BT_FMIENTRAS

    BT_IDENTIFICADOR  shift, and go to state 39
    BT_CONTINUAR      shift, and go to state 40
    BT_SI             shift, and go to state 41
    BT_MIENTRAS       shift, and go to state 42
    BT_PARA           shift, and go to state 43

    operando        go to state 44
    instrucciones   go to state 181
    instruccion     go to state 46
    asignacion      go to state 47
    alternativa     go to state 48
    iteracion       go to state 49
    itCotaVariable  go to state 50
    itCotaFija      go to state 51
    llamadaAccion   go to state 52


state 141

   85 itCotaFija: BT_PARA BT_IDENTIFICADOR BT_ASIGNACION . expresion BT_HASTA expresion BT_HACER instrucciones BT_FPARA

    BT_IDENTIFICADOR     shift, and go to state 82
    BT_LITERALBOOLEANO   shift, and go to state 83
    BT_LITERALNUMERICO   shift, and go to state 84
    BT_LITERALENTERO     shift, and go to state 85
    BT_LITERALREAL       shift, and go to state 86
    BT_NO                shift, and go to state 87
    BT_SUMA              shift, and go to state 88
    BT_RESTA             shift, and go to state 89
    BT_INICIOPARENTESIS  shift, and go to state 90

    expresion       go to state 182
    operando        go to state 92
    llamadaFuncion  go to state 93


state 142

   67 operando: BT_IDENTIFICADOR .

    $default  reduce using rule 67 (operando)


state 143

   68 operando: operando . BT_PUNTO operando
   68         | operando BT_PUNTO operando .
   69         | operando . BT_INICIOARRAY expresion BT_FINARRAY
   70         | operando . BT_REF

    $default  reduce using rule 68 (operando)


state 144

   43 expresion: expresion . BT_SUMA expresion
   44          | expresion . BT_RESTA expresion
   45          | expresion . BT_MULTIPLICACION expresion
   46          | expresion . BT_DIVREAL expresion
   47          | expresion . BT_DIV expresion
   48          | expresion . BT_MOD expresion
   55          | expresion . BT_Y M expresion
   56          | expresion . BT_O M expresion
   59          | expresion . BT_MAYOR expresion
   60          | expresion . BT_MENOR expresion
   61          | expresion . BT_IGUAL expresion
   62          | expresion . BT_DISTINTO expresion
   63          | expresion . BT_MAYORIGUAL expresion
   64          | expresion . BT_MENORIGUAL expresion
   78 asignacion: operando BT_ASIGNACION expresion .

    BT_Y               shift, and go to state 125
    BT_O               shift, and go to state 126
    BT_SUMA            shift, and go to state 127
    BT_RESTA           shift, and go to state 128
    BT_DIV             shift, and go to state 129
    BT_MOD             shift, and go to state 130
    BT_DIVREAL         shift, and go to state 131
    BT_MULTIPLICACION  shift, and go to state 132
    BT_MAYOR           shift, and go to state 134
    BT_MENOR           shift, and go to state 135
    BT_IGUAL           shift, and go to state 136
    BT_DISTINTO        shift, and go to state 137
    BT_MAYORIGUAL      shift, and go to state 138
    BT_MENORIGUAL      shift, and go to state 139

    $default  reduce using rule 78 (asignacion)


state 145

   43 expresion: expresion . BT_SUMA expresion
   44          | expresion . BT_RESTA expresion
   45          | expresion . BT_MULTIPLICACION expresion
   46          | expresion . BT_DIVREAL expresion
   47          | expresion . BT_DIV expresion
   48          | expresion . BT_MOD expresion
   55          | expresion . BT_Y M expresion
   56          | expresion . BT_O M expresion
   59          | expresion . BT_MAYOR expresion
   60          | expresion . BT_MENOR expresion
   61          | expresion . BT_IGUAL expresion
   62          | expresion . BT_DISTINTO expresion
   63          | expresion . BT_MAYORIGUAL expresion
   64          | expresion . BT_MENORIGUAL expresion
   69 operando: operando BT_INICIOARRAY expresion . BT_FINARRAY

    BT_Y               shift, and go to state 125
    BT_O               shift, and go to state 126
    BT_SUMA            shift, and go to state 127
    BT_RESTA           shift, and go to state 128
    BT_DIV             shift, and go to state 129
    BT_MOD             shift, and go to state 130
    BT_DIVREAL         shift, and go to state 131
    BT_MULTIPLICACION  shift, and go to state 132
    BT_FINARRAY        shift, and go to state 183
    BT_MAYOR           shift, and go to state 134
    BT_MENOR           shift, and go to state 135
    BT_IGUAL           shift, and go to state 136
    BT_DISTINTO        shift, and go to state 137
    BT_MAYORIGUAL      shift, and go to state 138
    BT_MENORIGUAL      shift, and go to state 139


state 146

   71 instrucciones: instruccion BT_COMPOSICIONSECUENCIAL M . instrucciones

    BT_IDENTIFICADOR  shift, and go to state 39
    BT_CONTINUAR      shift, and go to state 40
    BT_SI             shift, and go to state 41
    BT_MIENTRAS       shift, and go to state 42
    BT_PARA           shift, and go to state 43

    operando        go to state 44
    instrucciones   go to state 184
    instruccion     go to state 46
    asignacion      go to state 47
    alternativa     go to state 48
    iteracion       go to state 49
    itCotaVariable  go to state 50
    itCotaFija      go to state 51
    llamadaAccion   go to state 52


state 147

   93 dParForm: BT_ENT . listaId BT_DEFINICIONTIPOVARIABLE defTipo

    BT_IDENTIFICADOR  shift, and go to state 34

    listaId  go to state 185


state 148

   94 dParForm: BT_SAL . listaId BT_DEFINICIONTIPOVARIABLE defTipo

    BT_IDENTIFICADOR  shift, and go to state 34

    listaId  go to state 186


state 149

   95 dParForm: BT_ENTSAL . listaId BT_DEFINICIONTIPOVARIABLE defTipo

    BT_IDENTIFICADOR  shift, and go to state 34

    listaId  go to state 187


state 150

   88 cabeceraAccion: BT_IDENTIFICADOR BT_INICIOPARENTESIS defParForm . BT_FINPARENTESIS BT_COMPOSICIONSECUENCIAL

    BT_FINPARENTESIS  shift, and go to state 188


state 151

   90 defParForm: dParForm . BT_COMPOSICIONSECUENCIAL defParForm
   91           | dParForm .

    BT_COMPOSICIONSECUENCIAL  shift, and go to state 189

    $default  reduce using rule 91 (defParForm)


state 152

   86 defAccion: BT_ACCION cabeceraAccion bloque BT_FACCION .

    $default  reduce using rule 86 (defAccion)


state 153

   89 cabeceraFuncion: BT_IDENTIFICADOR BT_INICIOPARENTESIS listaDefsVariables . BT_FINPARENTESIS BT_DEV defTipo

    BT_FINPARENTESIS  shift, and go to state 190


state 154

   87 defFuncion: BT_FUNCION cabeceraFuncion bloque BT_DEV . expresion BT_FFUNCION

    BT_IDENTIFICADOR     shift, and go to state 82
    BT_LITERALBOOLEANO   shift, and go to state 83
    BT_LITERALNUMERICO   shift, and go to state 84
    BT_LITERALENTERO     shift, and go to state 85
    BT_LITERALREAL       shift, and go to state 86
    BT_NO                shift, and go to state 87
    BT_SUMA              shift, and go to state 88
    BT_RESTA             shift, and go to state 89
    BT_INICIOPARENTESIS  shift, and go to state 90

    expresion       go to state 191
    operando        go to state 92
    llamadaFuncion  go to state 93


state 155

   28 listaCampos: BT_IDENTIFICADOR BT_ASIGNACION . defTipo BT_COMPOSICIONSECUENCIAL listaCampos

    BT_IDENTIFICADOR    shift, and go to state 67
    BT_TUPLA            shift, and go to state 68
    BT_TABLA            shift, and go to state 69
    BT_REF              shift, and go to state 70
    BT_TIPOBASE         shift, and go to state 71
    BT_LITERALCARACTER  shift, and go to state 72
    BT_LITERALENTERO    shift, and go to state 73

    defTipo     go to state 192
    expresionT  go to state 75


state 156

   20 defTipo: BT_TUPLA listaCampos BT_FTUPLA .

    $default  reduce using rule 20 (defTipo)


state 157

   21 defTipo: BT_TABLA BT_INICIOARRAY expresionT . BT_SUBRANGO expresionT BT_FINARRAY BT_DE defTipo

    BT_SUBRANGO  shift, and go to state 193


state 158

   18 listaDefsTipo: BT_IDENTIFICADOR BT_CREACIONTIPO defTipo BT_COMPOSICIONSECUENCIAL listaDefsTipo .

    $default  reduce using rule 18 (listaDefsTipo)


state 159

   23 defTipo: expresionT BT_SUBRANGO expresionT .

    $default  reduce using rule 23 (defTipo)


state 160

   30 listaDefsConstantes: BT_IDENTIFICADOR BT_ASIGNACION BT_LITERAL BT_COMPOSICIONSECUENCIAL listaDefsConstantes .

    $default  reduce using rule 30 (listaDefsConstantes)


state 161

   34 listaId: BT_IDENTIFICADOR BT_DEFINICIONTIPOVARIABLE defTipo BT_COMPOSICIONSECUENCIAL .

    $default  reduce using rule 34 (listaId)


state 162

   98 parametrosReales: expresion BT_SEPARADOR . parametrosReales

    BT_IDENTIFICADOR     shift, and go to state 82
    BT_LITERALBOOLEANO   shift, and go to state 83
    BT_LITERALNUMERICO   shift, and go to state 84
    BT_LITERALENTERO     shift, and go to state 85
    BT_LITERALREAL       shift, and go to state 86
    BT_NO                shift, and go to state 87
    BT_SUMA              shift, and go to state 88
    BT_RESTA             shift, and go to state 89
    BT_INICIOPARENTESIS  shift, and go to state 90

    $default  reduce using rule 100 (parametrosReales)

    expresion         go to state 118
    operando          go to state 92
    llamadaFuncion    go to state 93
    parametrosReales  go to state 194


state 163

   96 llamadaAccion: BT_IDENTIFICADOR BT_INICIOPARENTESIS parametrosReales BT_FINPARENTESIS .

    $default  reduce using rule 96 (llamadaAccion)


state 164

   97 llamadaFuncion: BT_IDENTIFICADOR BT_INICIOPARENTESIS parametrosReales . BT_FINPARENTESIS

    BT_FINPARENTESIS  shift, and go to state 195


state 165

   49 expresion: BT_INICIOPARENTESIS expresion BT_FINPARENTESIS .

    $default  reduce using rule 49 (expresion)


state 166

   55 expresion: expresion BT_Y M . expresion

    BT_IDENTIFICADOR     shift, and go to state 82
    BT_LITERALBOOLEANO   shift, and go to state 83
    BT_LITERALNUMERICO   shift, and go to state 84
    BT_LITERALENTERO     shift, and go to state 85
    BT_LITERALREAL       shift, and go to state 86
    BT_NO                shift, and go to state 87
    BT_SUMA              shift, and go to state 88
    BT_RESTA             shift, and go to state 89
    BT_INICIOPARENTESIS  shift, and go to state 90

    expresion       go to state 196
    operando        go to state 92
    llamadaFuncion  go to state 93


state 167

   56 expresion: expresion BT_O M . expresion

    BT_IDENTIFICADOR     shift, and go to state 82
    BT_LITERALBOOLEANO   shift, and go to state 83
    BT_LITERALNUMERICO   shift, and go to state 84
    BT_LITERALENTERO     shift, and go to state 85
    BT_LITERALREAL       shift, and go to state 86
    BT_NO                shift, and go to state 87
    BT_SUMA              shift, and go to state 88
    BT_RESTA             shift, and go to state 89
    BT_INICIOPARENTESIS  shift, and go to state 90

    expresion       go to state 197
    operando        go to state 92
    llamadaFuncion  go to state 93


state 168

   43 expresion: expresion . BT_SUMA expresion
   43          | expresion BT_SUMA expresion .
   44          | expresion . BT_RESTA expresion
   45          | expresion . BT_MULTIPLICACION expresion
   46          | expresion . BT_DIVREAL expresion
   47          | expresion . BT_DIV expresion
   48          | expresion . BT_MOD expresion
   55          | expresion . BT_Y M expresion
   56          | expresion . BT_O M expresion
   59          | expresion . BT_MAYOR expresion
   60          | expresion . BT_MENOR expresion
   61          | expresion . BT_IGUAL expresion
   62          | expresion . BT_DISTINTO expresion
   63          | expresion . BT_MAYORIGUAL expresion
   64          | expresion . BT_MENORIGUAL expresion

    BT_DIVREAL         shift, and go to state 131
    BT_MULTIPLICACION  shift, and go to state 132

    $default  reduce using rule 43 (expresion)


state 169

   43 expresion: expresion . BT_SUMA expresion
   44          | expresion . BT_RESTA expresion
   44          | expresion BT_RESTA expresion .
   45          | expresion . BT_MULTIPLICACION expresion
   46          | expresion . BT_DIVREAL expresion
   47          | expresion . BT_DIV expresion
   48          | expresion . BT_MOD expresion
   55          | expresion . BT_Y M expresion
   56          | expresion . BT_O M expresion
   59          | expresion . BT_MAYOR expresion
   60          | expresion . BT_MENOR expresion
   61          | expresion . BT_IGUAL expresion
   62          | expresion . BT_DISTINTO expresion
   63          | expresion . BT_MAYORIGUAL expresion
   64          | expresion . BT_MENORIGUAL expresion

    BT_DIVREAL         shift, and go to state 131
    BT_MULTIPLICACION  shift, and go to state 132

    $default  reduce using rule 44 (expresion)


state 170

   43 expresion: expresion . BT_SUMA expresion
   44          | expresion . BT_RESTA expresion
   45          | expresion . BT_MULTIPLICACION expresion
   46          | expresion . BT_DIVREAL expresion
   47          | expresion . BT_DIV expresion
   47          | expresion BT_DIV expresion .
   48          | expresion . BT_MOD expresion
   55          | expresion . BT_Y M expresion
   56          | expresion . BT_O M expresion
   59          | expresion . BT_MAYOR expresion
   60          | expresion . BT_MENOR expresion
   61          | expresion . BT_IGUAL expresion
   62          | expresion . BT_DISTINTO expresion
   63          | expresion . BT_MAYORIGUAL expresion
   64          | expresion . BT_MENORIGUAL expresion

    BT_SUMA            shift, and go to state 127
    BT_RESTA           shift, and go to state 128
    BT_DIVREAL         shift, and go to state 131
    BT_MULTIPLICACION  shift, and go to state 132

    $default  reduce using rule 47 (expresion)


state 171

   43 expresion: expresion . BT_SUMA expresion
   44          | expresion . BT_RESTA expresion
   45          | expresion . BT_MULTIPLICACION expresion
   46          | expresion . BT_DIVREAL expresion
   47          | expresion . BT_DIV expresion
   48          | expresion . BT_MOD expresion
   48          | expresion BT_MOD expresion .
   55          | expresion . BT_Y M expresion
   56          | expresion . BT_O M expresion
   59          | expresion . BT_MAYOR expresion
   60          | expresion . BT_MENOR expresion
   61          | expresion . BT_IGUAL expresion
   62          | expresion . BT_DISTINTO expresion
   63          | expresion . BT_MAYORIGUAL expresion
   64          | expresion . BT_MENORIGUAL expresion

    BT_SUMA            shift, and go to state 127
    BT_RESTA           shift, and go to state 128
    BT_DIVREAL         shift, and go to state 131
    BT_MULTIPLICACION  shift, and go to state 132

    $default  reduce using rule 48 (expresion)


state 172

   43 expresion: expresion . BT_SUMA expresion
   44          | expresion . BT_RESTA expresion
   45          | expresion . BT_MULTIPLICACION expresion
   46          | expresion . BT_DIVREAL expresion
   46          | expresion BT_DIVREAL expresion .
   47          | expresion . BT_DIV expresion
   48          | expresion . BT_MOD expresion
   55          | expresion . BT_Y M expresion
   56          | expresion . BT_O M expresion
   59          | expresion . BT_MAYOR expresion
   60          | expresion . BT_MENOR expresion
   61          | expresion . BT_IGUAL expresion
   62          | expresion . BT_DISTINTO expresion
   63          | expresion . BT_MAYORIGUAL expresion
   64          | expresion . BT_MENORIGUAL expresion

    $default  reduce using rule 46 (expresion)


state 173

   43 expresion: expresion . BT_SUMA expresion
   44          | expresion . BT_RESTA expresion
   45          | expresion . BT_MULTIPLICACION expresion
   45          | expresion BT_MULTIPLICACION expresion .
   46          | expresion . BT_DIVREAL expresion
   47          | expresion . BT_DIV expresion
   48          | expresion . BT_MOD expresion
   55          | expresion . BT_Y M expresion
   56          | expresion . BT_O M expresion
   59          | expresion . BT_MAYOR expresion
   60          | expresion . BT_MENOR expresion
   61          | expresion . BT_IGUAL expresion
   62          | expresion . BT_DISTINTO expresion
   63          | expresion . BT_MAYORIGUAL expresion
   64          | expresion . BT_MENORIGUAL expresion

    $default  reduce using rule 45 (expresion)


state 174

   79 alternativa: BT_SI expresion BT_ENTONCES M . instrucciones N M listaOpciones BT_FSI

    BT_IDENTIFICADOR  shift, and go to state 39
    BT_CONTINUAR      shift, and go to state 40
    BT_SI             shift, and go to state 41
    BT_MIENTRAS       shift, and go to state 42
    BT_PARA           shift, and go to state 43

    operando        go to state 44
    instrucciones   go to state 198
    instruccion     go to state 46
    asignacion      go to state 47
    alternativa     go to state 48
    iteracion       go to state 49
    itCotaVariable  go to state 50
    itCotaFija      go to state 51
    llamadaAccion   go to state 52


state 175

   43 expresion: expresion . BT_SUMA expresion
   44          | expresion . BT_RESTA expresion
   45          | expresion . BT_MULTIPLICACION expresion
   46          | expresion . BT_DIVREAL expresion
   47          | expresion . BT_DIV expresion
   48          | expresion . BT_MOD expresion
   55          | expresion . BT_Y M expresion
   56          | expresion . BT_O M expresion
   59          | expresion . BT_MAYOR expresion
   59          | expresion BT_MAYOR expresion .
   60          | expresion . BT_MENOR expresion
   61          | expresion . BT_IGUAL expresion
   62          | expresion . BT_DISTINTO expresion
   63          | expresion . BT_MAYORIGUAL expresion
   64          | expresion . BT_MENORIGUAL expresion

    BT_SUMA            shift, and go to state 127
    BT_RESTA           shift, and go to state 128
    BT_DIV             shift, and go to state 129
    BT_MOD             shift, and go to state 130
    BT_DIVREAL         shift, and go to state 131
    BT_MULTIPLICACION  shift, and go to state 132

    $default  reduce using rule 59 (expresion)


state 176

   43 expresion: expresion . BT_SUMA expresion
   44          | expresion . BT_RESTA expresion
   45          | expresion . BT_MULTIPLICACION expresion
   46          | expresion . BT_DIVREAL expresion
   47          | expresion . BT_DIV expresion
   48          | expresion . BT_MOD expresion
   55          | expresion . BT_Y M expresion
   56          | expresion . BT_O M expresion
   59          | expresion . BT_MAYOR expresion
   60          | expresion . BT_MENOR expresion
   60          | expresion BT_MENOR expresion .
   61          | expresion . BT_IGUAL expresion
   62          | expresion . BT_DISTINTO expresion
   63          | expresion . BT_MAYORIGUAL expresion
   64          | expresion . BT_MENORIGUAL expresion

    BT_SUMA            shift, and go to state 127
    BT_RESTA           shift, and go to state 128
    BT_DIV             shift, and go to state 129
    BT_MOD             shift, and go to state 130
    BT_DIVREAL         shift, and go to state 131
    BT_MULTIPLICACION  shift, and go to state 132

    $default  reduce using rule 60 (expresion)


state 177

   43 expresion: expresion . BT_SUMA expresion
   44          | expresion . BT_RESTA expresion
   45          | expresion . BT_MULTIPLICACION expresion
   46          | expresion . BT_DIVREAL expresion
   47          | expresion . BT_DIV expresion
   48          | expresion . BT_MOD expresion
   55          | expresion . BT_Y M expresion
   56          | expresion . BT_O M expresion
   59          | expresion . BT_MAYOR expresion
   60          | expresion . BT_MENOR expresion
   61          | expresion . BT_IGUAL expresion
   61          | expresion BT_IGUAL expresion .
   62          | expresion . BT_DISTINTO expresion
   63          | expresion . BT_MAYORIGUAL expresion
   64          | expresion . BT_MENORIGUAL expresion

    BT_SUMA            shift, and go to state 127
    BT_RESTA           shift, and go to state 128
    BT_DIV             shift, and go to state 129
    BT_MOD             shift, and go to state 130
    BT_DIVREAL         shift, and go to state 131
    BT_MULTIPLICACION  shift, and go to state 132

    $default  reduce using rule 61 (expresion)


state 178

   43 expresion: expresion . BT_SUMA expresion
   44          | expresion . BT_RESTA expresion
   45          | expresion . BT_MULTIPLICACION expresion
   46          | expresion . BT_DIVREAL expresion
   47          | expresion . BT_DIV expresion
   48          | expresion . BT_MOD expresion
   55          | expresion . BT_Y M expresion
   56          | expresion . BT_O M expresion
   59          | expresion . BT_MAYOR expresion
   60          | expresion . BT_MENOR expresion
   61          | expresion . BT_IGUAL expresion
   62          | expresion . BT_DISTINTO expresion
   62          | expresion BT_DISTINTO expresion .
   63          | expresion . BT_MAYORIGUAL expresion
   64          | expresion . BT_MENORIGUAL expresion

    BT_SUMA            shift, and go to state 127
    BT_RESTA           shift, and go to state 128
    BT_DIV             shift, and go to state 129
    BT_MOD             shift, and go to state 130
    BT_DIVREAL         shift, and go to state 131
    BT_MULTIPLICACION  shift, and go to state 132

    $default  reduce using rule 62 (expresion)


state 179

   43 expresion: expresion . BT_SUMA expresion
   44          | expresion . BT_RESTA expresion
   45          | expresion . BT_MULTIPLICACION expresion
   46          | expresion . BT_DIVREAL expresion
   47          | expresion . BT_DIV expresion
   48          | expresion . BT_MOD expresion
   55          | expresion . BT_Y M expresion
   56          | expresion . BT_O M expresion
   59          | expresion . BT_MAYOR expresion
   60          | expresion . BT_MENOR expresion
   61          | expresion . BT_IGUAL expresion
   62          | expresion . BT_DISTINTO expresion
   63          | expresion . BT_MAYORIGUAL expresion
   63          | expresion BT_MAYORIGUAL expresion .
   64          | expresion . BT_MENORIGUAL expresion

    BT_SUMA            shift, and go to state 127
    BT_RESTA           shift, and go to state 128
    BT_DIV             shift, and go to state 129
    BT_MOD             shift, and go to state 130
    BT_DIVREAL         shift, and go to state 131
    BT_MULTIPLICACION  shift, and go to state 132

    $default  reduce using rule 63 (expresion)


state 180

   43 expresion: expresion . BT_SUMA expresion
   44          | expresion . BT_RESTA expresion
   45          | expresion . BT_MULTIPLICACION expresion
   46          | expresion . BT_DIVREAL expresion
   47          | expresion . BT_DIV expresion
   48          | expresion . BT_MOD expresion
   55          | expresion . BT_Y M expresion
   56          | expresion . BT_O M expresion
   59          | expresion . BT_MAYOR expresion
   60          | expresion . BT_MENOR expresion
   61          | expresion . BT_IGUAL expresion
   62          | expresion . BT_DISTINTO expresion
   63          | expresion . BT_MAYORIGUAL expresion
   64          | expresion . BT_MENORIGUAL expresion
   64          | expresion BT_MENORIGUAL expresion .

    BT_SUMA            shift, and go to state 127
    BT_RESTA           shift, and go to state 128
    BT_DIV             shift, and go to state 129
    BT_MOD             shift, and go to state 130
    BT_DIVREAL         shift, and go to state 131
    BT_MULTIPLICACION  shift, and go to state 132

    $default  reduce using rule 64 (expresion)


state 181

   84 itCotaVariable: BT_MIENTRAS expresion BT_HACER instrucciones . BT_FMIENTRAS

    BT_FMIENTRAS  shift, and go to state 199


state 182

   43 expresion: expresion . BT_SUMA expresion
   44          | expresion . BT_RESTA expresion
   45          | expresion . BT_MULTIPLICACION expresion
   46          | expresion . BT_DIVREAL expresion
   47          | expresion . BT_DIV expresion
   48          | expresion . BT_MOD expresion
   55          | expresion . BT_Y M expresion
   56          | expresion . BT_O M expresion
   59          | expresion . BT_MAYOR expresion
   60          | expresion . BT_MENOR expresion
   61          | expresion . BT_IGUAL expresion
   62          | expresion . BT_DISTINTO expresion
   63          | expresion . BT_MAYORIGUAL expresion
   64          | expresion . BT_MENORIGUAL expresion
   85 itCotaFija: BT_PARA BT_IDENTIFICADOR BT_ASIGNACION expresion . BT_HASTA expresion BT_HACER instrucciones BT_FPARA

    BT_Y               shift, and go to state 125
    BT_O               shift, and go to state 126
    BT_HASTA           shift, and go to state 200
    BT_SUMA            shift, and go to state 127
    BT_RESTA           shift, and go to state 128
    BT_DIV             shift, and go to state 129
    BT_MOD             shift, and go to state 130
    BT_DIVREAL         shift, and go to state 131
    BT_MULTIPLICACION  shift, and go to state 132
    BT_MAYOR           shift, and go to state 134
    BT_MENOR           shift, and go to state 135
    BT_IGUAL           shift, and go to state 136
    BT_DISTINTO        shift, and go to state 137
    BT_MAYORIGUAL      shift, and go to state 138
    BT_MENORIGUAL      shift, and go to state 139


state 183

   69 operando: operando BT_INICIOARRAY expresion BT_FINARRAY .

    $default  reduce using rule 69 (operando)


state 184

   71 instrucciones: instruccion BT_COMPOSICIONSECUENCIAL M instrucciones .

    $default  reduce using rule 71 (instrucciones)


state 185

   93 dParForm: BT_ENT listaId . BT_DEFINICIONTIPOVARIABLE defTipo

    BT_DEFINICIONTIPOVARIABLE  shift, and go to state 201


state 186

   94 dParForm: BT_SAL listaId . BT_DEFINICIONTIPOVARIABLE defTipo

    BT_DEFINICIONTIPOVARIABLE  shift, and go to state 202


state 187

   95 dParForm: BT_ENTSAL listaId . BT_DEFINICIONTIPOVARIABLE defTipo

    BT_DEFINICIONTIPOVARIABLE  shift, and go to state 203


state 188

   88 cabeceraAccion: BT_IDENTIFICADOR BT_INICIOPARENTESIS defParForm BT_FINPARENTESIS . BT_COMPOSICIONSECUENCIAL

    BT_COMPOSICIONSECUENCIAL  shift, and go to state 204


state 189

   90 defParForm: dParForm BT_COMPOSICIONSECUENCIAL . defParForm

    BT_ENT     shift, and go to state 147
    BT_SAL     shift, and go to state 148
    BT_ENTSAL  shift, and go to state 149

    $default  reduce using rule 92 (defParForm)

    defParForm  go to state 205
    dParForm    go to state 151


state 190

   89 cabeceraFuncion: BT_IDENTIFICADOR BT_INICIOPARENTESIS listaDefsVariables BT_FINPARENTESIS . BT_DEV defTipo

    BT_DEV  shift, and go to state 206


state 191

   43 expresion: expresion . BT_SUMA expresion
   44          | expresion . BT_RESTA expresion
   45          | expresion . BT_MULTIPLICACION expresion
   46          | expresion . BT_DIVREAL expresion
   47          | expresion . BT_DIV expresion
   48          | expresion . BT_MOD expresion
   55          | expresion . BT_Y M expresion
   56          | expresion . BT_O M expresion
   59          | expresion . BT_MAYOR expresion
   60          | expresion . BT_MENOR expresion
   61          | expresion . BT_IGUAL expresion
   62          | expresion . BT_DISTINTO expresion
   63          | expresion . BT_MAYORIGUAL expresion
   64          | expresion . BT_MENORIGUAL expresion
   87 defFuncion: BT_FUNCION cabeceraFuncion bloque BT_DEV expresion . BT_FFUNCION

    BT_Y               shift, and go to state 125
    BT_O               shift, and go to state 126
    BT_FFUNCION        shift, and go to state 207
    BT_SUMA            shift, and go to state 127
    BT_RESTA           shift, and go to state 128
    BT_DIV             shift, and go to state 129
    BT_MOD             shift, and go to state 130
    BT_DIVREAL         shift, and go to state 131
    BT_MULTIPLICACION  shift, and go to state 132
    BT_MAYOR           shift, and go to state 134
    BT_MENOR           shift, and go to state 135
    BT_IGUAL           shift, and go to state 136
    BT_DISTINTO        shift, and go to state 137
    BT_MAYORIGUAL      shift, and go to state 138
    BT_MENORIGUAL      shift, and go to state 139


state 192

   28 listaCampos: BT_IDENTIFICADOR BT_ASIGNACION defTipo . BT_COMPOSICIONSECUENCIAL listaCampos

    BT_COMPOSICIONSECUENCIAL  shift, and go to state 208


state 193

   21 defTipo: BT_TABLA BT_INICIOARRAY expresionT BT_SUBRANGO . expresionT BT_FINARRAY BT_DE defTipo

    BT_LITERALCARACTER  shift, and go to state 72
    BT_LITERALENTERO    shift, and go to state 73

    expresionT  go to state 209


state 194

   98 parametrosReales: expresion BT_SEPARADOR parametrosReales .

    $default  reduce using rule 98 (parametrosReales)


state 195

   97 llamadaFuncion: BT_IDENTIFICADOR BT_INICIOPARENTESIS parametrosReales BT_FINPARENTESIS .

    $default  reduce using rule 97 (llamadaFuncion)


state 196

   43 expresion: expresion . BT_SUMA expresion
   44          | expresion . BT_RESTA expresion
   45          | expresion . BT_MULTIPLICACION expresion
   46          | expresion . BT_DIVREAL expresion
   47          | expresion . BT_DIV expresion
   48          | expresion . BT_MOD expresion
   55          | expresion . BT_Y M expresion
   55          | expresion BT_Y M expresion .
   56          | expresion . BT_O M expresion
   59          | expresion . BT_MAYOR expresion
   60          | expresion . BT_MENOR expresion
   61          | expresion . BT_IGUAL expresion
   62          | expresion . BT_DISTINTO expresion
   63          | expresion . BT_MAYORIGUAL expresion
   64          | expresion . BT_MENORIGUAL expresion

    BT_SUMA            shift, and go to state 127
    BT_RESTA           shift, and go to state 128
    BT_DIV             shift, and go to state 129
    BT_MOD             shift, and go to state 130
    BT_DIVREAL         shift, and go to state 131
    BT_MULTIPLICACION  shift, and go to state 132
    BT_MAYOR           shift, and go to state 134
    BT_MENOR           shift, and go to state 135
    BT_IGUAL           shift, and go to state 136
    BT_DISTINTO        shift, and go to state 137
    BT_MAYORIGUAL      shift, and go to state 138
    BT_MENORIGUAL      shift, and go to state 139

    $default  reduce using rule 55 (expresion)


state 197

   43 expresion: expresion . BT_SUMA expresion
   44          | expresion . BT_RESTA expresion
   45          | expresion . BT_MULTIPLICACION expresion
   46          | expresion . BT_DIVREAL expresion
   47          | expresion . BT_DIV expresion
   48          | expresion . BT_MOD expresion
   55          | expresion . BT_Y M expresion
   56          | expresion . BT_O M expresion
   56          | expresion BT_O M expresion .
   59          | expresion . BT_MAYOR expresion
   60          | expresion . BT_MENOR expresion
   61          | expresion . BT_IGUAL expresion
   62          | expresion . BT_DISTINTO expresion
   63          | expresion . BT_MAYORIGUAL expresion
   64          | expresion . BT_MENORIGUAL expresion

    BT_Y               shift, and go to state 125
    BT_SUMA            shift, and go to state 127
    BT_RESTA           shift, and go to state 128
    BT_DIV             shift, and go to state 129
    BT_MOD             shift, and go to state 130
    BT_DIVREAL         shift, and go to state 131
    BT_MULTIPLICACION  shift, and go to state 132
    BT_MAYOR           shift, and go to state 134
    BT_MENOR           shift, and go to state 135
    BT_IGUAL           shift, and go to state 136
    BT_DISTINTO        shift, and go to state 137
    BT_MAYORIGUAL      shift, and go to state 138
    BT_MENORIGUAL      shift, and go to state 139

    $default  reduce using rule 56 (expresion)


state 198

   79 alternativa: BT_SI expresion BT_ENTONCES M instrucciones . N M listaOpciones BT_FSI

    $default  reduce using rule 66 (N)

    N  go to state 210


state 199

   84 itCotaVariable: BT_MIENTRAS expresion BT_HACER instrucciones BT_FMIENTRAS .

    $default  reduce using rule 84 (itCotaVariable)


state 200

   85 itCotaFija: BT_PARA BT_IDENTIFICADOR BT_ASIGNACION expresion BT_HASTA . expresion BT_HACER instrucciones BT_FPARA

    BT_IDENTIFICADOR     shift, and go to state 82
    BT_LITERALBOOLEANO   shift, and go to state 83
    BT_LITERALNUMERICO   shift, and go to state 84
    BT_LITERALENTERO     shift, and go to state 85
    BT_LITERALREAL       shift, and go to state 86
    BT_NO                shift, and go to state 87
    BT_SUMA              shift, and go to state 88
    BT_RESTA             shift, and go to state 89
    BT_INICIOPARENTESIS  shift, and go to state 90

    expresion       go to state 211
    operando        go to state 92
    llamadaFuncion  go to state 93


state 201

   93 dParForm: BT_ENT listaId BT_DEFINICIONTIPOVARIABLE . defTipo

    BT_IDENTIFICADOR    shift, and go to state 67
    BT_TUPLA            shift, and go to state 68
    BT_TABLA            shift, and go to state 69
    BT_REF              shift, and go to state 70
    BT_TIPOBASE         shift, and go to state 71
    BT_LITERALCARACTER  shift, and go to state 72
    BT_LITERALENTERO    shift, and go to state 73

    defTipo     go to state 212
    expresionT  go to state 75


state 202

   94 dParForm: BT_SAL listaId BT_DEFINICIONTIPOVARIABLE . defTipo

    BT_IDENTIFICADOR    shift, and go to state 67
    BT_TUPLA            shift, and go to state 68
    BT_TABLA            shift, and go to state 69
    BT_REF              shift, and go to state 70
    BT_TIPOBASE         shift, and go to state 71
    BT_LITERALCARACTER  shift, and go to state 72
    BT_LITERALENTERO    shift, and go to state 73

    defTipo     go to state 213
    expresionT  go to state 75


state 203

   95 dParForm: BT_ENTSAL listaId BT_DEFINICIONTIPOVARIABLE . defTipo

    BT_IDENTIFICADOR    shift, and go to state 67
    BT_TUPLA            shift, and go to state 68
    BT_TABLA            shift, and go to state 69
    BT_REF              shift, and go to state 70
    BT_TIPOBASE         shift, and go to state 71
    BT_LITERALCARACTER  shift, and go to state 72
    BT_LITERALENTERO    shift, and go to state 73

    defTipo     go to state 214
    expresionT  go to state 75


state 204

   88 cabeceraAccion: BT_IDENTIFICADOR BT_INICIOPARENTESIS defParForm BT_FINPARENTESIS BT_COMPOSICIONSECUENCIAL .

    $default  reduce using rule 88 (cabeceraAccion)


state 205

   90 defParForm: dParForm BT_COMPOSICIONSECUENCIAL defParForm .

    $default  reduce using rule 90 (defParForm)


state 206

   89 cabeceraFuncion: BT_IDENTIFICADOR BT_INICIOPARENTESIS listaDefsVariables BT_FINPARENTESIS BT_DEV . defTipo

    BT_IDENTIFICADOR    shift, and go to state 67
    BT_TUPLA            shift, and go to state 68
    BT_TABLA            shift, and go to state 69
    BT_REF              shift, and go to state 70
    BT_TIPOBASE         shift, and go to state 71
    BT_LITERALCARACTER  shift, and go to state 72
    BT_LITERALENTERO    shift, and go to state 73

    defTipo     go to state 215
    expresionT  go to state 75


state 207

   87 defFuncion: BT_FUNCION cabeceraFuncion bloque BT_DEV expresion BT_FFUNCION .

    $default  reduce using rule 87 (defFuncion)


state 208

   28 listaCampos: BT_IDENTIFICADOR BT_ASIGNACION defTipo BT_COMPOSICIONSECUENCIAL . listaCampos

    BT_IDENTIFICADOR  shift, and go to state 109

    $default  reduce using rule 29 (listaCampos)

    listaCampos  go to state 216


state 209

   21 defTipo: BT_TABLA BT_INICIOARRAY expresionT BT_SUBRANGO expresionT . BT_FINARRAY BT_DE defTipo

    BT_FINARRAY  shift, and go to state 217


state 210

   79 alternativa: BT_SI expresion BT_ENTONCES M instrucciones N . M listaOpciones BT_FSI

    $default  reduce using rule 65 (M)

    M  go to state 218


state 211

   43 expresion: expresion . BT_SUMA expresion
   44          | expresion . BT_RESTA expresion
   45          | expresion . BT_MULTIPLICACION expresion
   46          | expresion . BT_DIVREAL expresion
   47          | expresion . BT_DIV expresion
   48          | expresion . BT_MOD expresion
   55          | expresion . BT_Y M expresion
   56          | expresion . BT_O M expresion
   59          | expresion . BT_MAYOR expresion
   60          | expresion . BT_MENOR expresion
   61          | expresion . BT_IGUAL expresion
   62          | expresion . BT_DISTINTO expresion
   63          | expresion . BT_MAYORIGUAL expresion
   64          | expresion . BT_MENORIGUAL expresion
   85 itCotaFija: BT_PARA BT_IDENTIFICADOR BT_ASIGNACION expresion BT_HASTA expresion . BT_HACER instrucciones BT_FPARA

    BT_Y               shift, and go to state 125
    BT_O               shift, and go to state 126
    BT_HACER           shift, and go to state 219
    BT_SUMA            shift, and go to state 127
    BT_RESTA           shift, and go to state 128
    BT_DIV             shift, and go to state 129
    BT_MOD             shift, and go to state 130
    BT_DIVREAL         shift, and go to state 131
    BT_MULTIPLICACION  shift, and go to state 132
    BT_MAYOR           shift, and go to state 134
    BT_MENOR           shift, and go to state 135
    BT_IGUAL           shift, and go to state 136
    BT_DISTINTO        shift, and go to state 137
    BT_MAYORIGUAL      shift, and go to state 138
    BT_MENORIGUAL      shift, and go to state 139


state 212

   93 dParForm: BT_ENT listaId BT_DEFINICIONTIPOVARIABLE defTipo .

    $default  reduce using rule 93 (dParForm)


state 213

   94 dParForm: BT_SAL listaId BT_DEFINICIONTIPOVARIABLE defTipo .

    $default  reduce using rule 94 (dParForm)


state 214

   95 dParForm: BT_ENTSAL listaId BT_DEFINICIONTIPOVARIABLE defTipo .

    $default  reduce using rule 95 (dParForm)


state 215

   89 cabeceraFuncion: BT_IDENTIFICADOR BT_INICIOPARENTESIS listaDefsVariables BT_FINPARENTESIS BT_DEV defTipo .

    $default  reduce using rule 89 (cabeceraFuncion)


state 216

   28 listaCampos: BT_IDENTIFICADOR BT_ASIGNACION defTipo BT_COMPOSICIONSECUENCIAL listaCampos .

    $default  reduce using rule 28 (listaCampos)


state 217

   21 defTipo: BT_TABLA BT_INICIOARRAY expresionT BT_SUBRANGO expresionT BT_FINARRAY . BT_DE defTipo

    BT_DE  shift, and go to state 220


state 218

   79 alternativa: BT_SI expresion BT_ENTONCES M instrucciones N M . listaOpciones BT_FSI

    BT_SINOSI  shift, and go to state 221

    $default  reduce using rule 81 (listaOpciones)

    listaOpciones  go to state 222


state 219

   85 itCotaFija: BT_PARA BT_IDENTIFICADOR BT_ASIGNACION expresion BT_HASTA expresion BT_HACER . instrucciones BT_FPARA

    BT_IDENTIFICADOR  shift, and go to state 39
    BT_CONTINUAR      shift, and go to state 40
    BT_SI             shift, and go to state 41
    BT_MIENTRAS       shift, and go to state 42
    BT_PARA           shift, and go to state 43

    operando        go to state 44
    instrucciones   go to state 223
    instruccion     go to state 46
    asignacion      go to state 47
    alternativa     go to state 48
    iteracion       go to state 49
    itCotaVariable  go to state 50
    itCotaFija      go to state 51
    llamadaAccion   go to state 52


state 220

   21 defTipo: BT_TABLA BT_INICIOARRAY expresionT BT_SUBRANGO expresionT BT_FINARRAY BT_DE . defTipo

    BT_IDENTIFICADOR    shift, and go to state 67
    BT_TUPLA            shift, and go to state 68
    BT_TABLA            shift, and go to state 69
    BT_REF              shift, and go to state 70
    BT_TIPOBASE         shift, and go to state 71
    BT_LITERALCARACTER  shift, and go to state 72
    BT_LITERALENTERO    shift, and go to state 73

    defTipo     go to state 224
    expresionT  go to state 75


state 221

   80 listaOpciones: BT_SINOSI . expresion BT_ENTONCES M instrucciones N M listaOpciones

    BT_IDENTIFICADOR     shift, and go to state 82
    BT_LITERALBOOLEANO   shift, and go to state 83
    BT_LITERALNUMERICO   shift, and go to state 84
    BT_LITERALENTERO     shift, and go to state 85
    BT_LITERALREAL       shift, and go to state 86
    BT_NO                shift, and go to state 87
    BT_SUMA              shift, and go to state 88
    BT_RESTA             shift, and go to state 89
    BT_INICIOPARENTESIS  shift, and go to state 90

    expresion       go to state 225
    operando        go to state 92
    llamadaFuncion  go to state 93


state 222

   79 alternativa: BT_SI expresion BT_ENTONCES M instrucciones N M listaOpciones . BT_FSI

    BT_FSI  shift, and go to state 226


state 223

   85 itCotaFija: BT_PARA BT_IDENTIFICADOR BT_ASIGNACION expresion BT_HASTA expresion BT_HACER instrucciones . BT_FPARA

    BT_FPARA  shift, and go to state 227


state 224

   21 defTipo: BT_TABLA BT_INICIOARRAY expresionT BT_SUBRANGO expresionT BT_FINARRAY BT_DE defTipo .

    $default  reduce using rule 21 (defTipo)


state 225

   43 expresion: expresion . BT_SUMA expresion
   44          | expresion . BT_RESTA expresion
   45          | expresion . BT_MULTIPLICACION expresion
   46          | expresion . BT_DIVREAL expresion
   47          | expresion . BT_DIV expresion
   48          | expresion . BT_MOD expresion
   55          | expresion . BT_Y M expresion
   56          | expresion . BT_O M expresion
   59          | expresion . BT_MAYOR expresion
   60          | expresion . BT_MENOR expresion
   61          | expresion . BT_IGUAL expresion
   62          | expresion . BT_DISTINTO expresion
   63          | expresion . BT_MAYORIGUAL expresion
   64          | expresion . BT_MENORIGUAL expresion
   80 listaOpciones: BT_SINOSI expresion . BT_ENTONCES M instrucciones N M listaOpciones

    BT_Y               shift, and go to state 125
    BT_O               shift, and go to state 126
    BT_SUMA            shift, and go to state 127
    BT_RESTA           shift, and go to state 128
    BT_DIV             shift, and go to state 129
    BT_MOD             shift, and go to state 130
    BT_DIVREAL         shift, and go to state 131
    BT_MULTIPLICACION  shift, and go to state 132
    BT_ENTONCES        shift, and go to state 228
    BT_MAYOR           shift, and go to state 134
    BT_MENOR           shift, and go to state 135
    BT_IGUAL           shift, and go to state 136
    BT_DISTINTO        shift, and go to state 137
    BT_MAYORIGUAL      shift, and go to state 138
    BT_MENORIGUAL      shift, and go to state 139


state 226

   79 alternativa: BT_SI expresion BT_ENTONCES M instrucciones N M listaOpciones BT_FSI .

    $default  reduce using rule 79 (alternativa)


state 227

   85 itCotaFija: BT_PARA BT_IDENTIFICADOR BT_ASIGNACION expresion BT_HASTA expresion BT_HACER instrucciones BT_FPARA .

    $default  reduce using rule 85 (itCotaFija)


state 228

   80 listaOpciones: BT_SINOSI expresion BT_ENTONCES . M instrucciones N M listaOpciones

    $default  reduce using rule 65 (M)

    M  go to state 229


state 229

   80 listaOpciones: BT_SINOSI expresion BT_ENTONCES M . instrucciones N M listaOpciones

    BT_IDENTIFICADOR  shift, and go to state 39
    BT_CONTINUAR      shift, and go to state 40
    BT_SI             shift, and go to state 41
    BT_MIENTRAS       shift, and go to state 42
    BT_PARA           shift, and go to state 43

    operando        go to state 44
    instrucciones   go to state 230
    instruccion     go to state 46
    asignacion      go to state 47
    alternativa     go to state 48
    iteracion       go to state 49
    itCotaVariable  go to state 50
    itCotaFija      go to state 51
    llamadaAccion   go to state 52


state 230

   80 listaOpciones: BT_SINOSI expresion BT_ENTONCES M instrucciones . N M listaOpciones

    $default  reduce using rule 66 (N)

    N  go to state 231


state 231

   80 listaOpciones: BT_SINOSI expresion BT_ENTONCES M instrucciones N . M listaOpciones

    $default  reduce using rule 65 (M)

    M  go to state 232


state 232

   80 listaOpciones: BT_SINOSI expresion BT_ENTONCES M instrucciones N M . listaOpciones

    BT_SINOSI  shift, and go to state 221

    $default  reduce using rule 81 (listaOpciones)

    listaOpciones  go to state 233


state 233

   80 listaOpciones: BT_SINOSI expresion BT_ENTONCES M instrucciones N M listaOpciones .

    $default  reduce using rule 80 (listaOpciones)
